# Logfile created on Mon Nov 03 18:00:34 -0200 2008  [4;36;1mSQL (0.2ms)[0m   [0;1m SELECT name
 FROM sqlite_master
 WHERE type = 'table' AND NOT name = 'sqlite_sequence'
[0m
  [4;35;1mSQL (0.1ms)[0m   [0mselect sqlite_version(*)[0m
  [4;36;1mSQL (0.2ms)[0m   [0;1mCREATE TABLE "schema_migrations" ("version" varchar(255) NOT NULL) [0m
  [4;35;1mSQL (0.1ms)[0m   [0mCREATE UNIQUE INDEX "unique_schema_migrations" ON "schema_migrations" ("version")[0m
  [4;36;1mSQL (0.1ms)[0m   [0;1m SELECT name
 FROM sqlite_master
 WHERE type = 'table' AND NOT name = 'sqlite_sequence'
[0m
  [4;35;1mSQL (0.1ms)[0m   [0mSELECT version FROM schema_migrations[0m
Migrating to CreateUsers (1)
  [4;36;1mSQL (0.2ms)[0m   [0;1mCREATE TABLE "users" ("id" INTEGER PRIMARY KEY AUTOINCREMENT NOT NULL, "name" varchar(255), "email" varchar(255), "age" integer, "ssn" varchar(255)) [0m
  [4;35;1mSQL (0.1ms)[0m   [0mCREATE INDEX "index_users_on_email" ON "users" ("email")[0m
  [4;36;1mSQL (0.1ms)[0m   [0;1mCREATE INDEX "index_users_on_name" ON "users" ("name")[0m
  [4;35;1mSQL (0.1ms)[0m   [0mCREATE INDEX "index_users_on_age" ON "users" ("age")[0m
  [4;36;1mSQL (0.1ms)[0m   [0;1mCREATE INDEX "index_users_on_email_and_name" ON "users" ("email", "name")[0m
  [4;35;1mSQL (0.1ms)[0m   [0mINSERT INTO schema_migrations (version) VALUES ('1')[0m
Migrating to CreatePosts (2)
  [4;36;1mSQL (0.2ms)[0m   [0;1mCREATE TABLE "posts" ("id" INTEGER PRIMARY KEY AUTOINCREMENT NOT NULL, "user_id" integer, "title" varchar(255), "body" text) [0m
  [4;35;1mSQL (0.1ms)[0m   [0mINSERT INTO schema_migrations (version) VALUES ('2')[0m
Migrating to CreateTaggings (3)
  [4;36;1mSQL (0.2ms)[0m   [0;1mCREATE TABLE "taggings" ("id" INTEGER PRIMARY KEY AUTOINCREMENT NOT NULL, "post_id" integer, "tag_id" integer) [0m
  [4;35;1mSQL (0.1ms)[0m   [0mINSERT INTO schema_migrations (version) VALUES ('3')[0m
Migrating to CreateTags (4)
  [4;36;1mSQL (0.2ms)[0m   [0;1mCREATE TABLE "tags" ("id" INTEGER PRIMARY KEY AUTOINCREMENT NOT NULL, "name" varchar(255)) [0m
  [4;35;1mSQL (0.1ms)[0m   [0mINSERT INTO schema_migrations (version) VALUES ('4')[0m
Migrating to CreateDogs (5)
  [4;36;1mSQL (0.2ms)[0m   [0;1mCREATE TABLE "dogs" ("id" INTEGER PRIMARY KEY AUTOINCREMENT NOT NULL, "owner_id" integer, "address_id" integer) [0m
  [4;35;1mSQL (0.1ms)[0m   [0mINSERT INTO schema_migrations (version) VALUES ('5')[0m
Migrating to CreateAddresses (6)
  [4;36;1mSQL (0.2ms)[0m   [0;1mCREATE TABLE "addresses" ("id" INTEGER PRIMARY KEY AUTOINCREMENT NOT NULL, "title" varchar(255), "addressable_id" integer, "addressable_type" varchar(255), "zip" varchar(255)) [0m
  [4;35;1mSQL (0.1ms)[0m   [0mINSERT INTO schema_migrations (version) VALUES ('6')[0m
Migrating to CreateFleas (7)
  [4;36;1mSQL (0.1ms)[0m   [0;1mCREATE TABLE "fleas" ("id" INTEGER PRIMARY KEY AUTOINCREMENT NOT NULL, "name" varchar(255)) [0m
  [4;35;1mSQL (0.1ms)[0m   [0mINSERT INTO schema_migrations (version) VALUES ('7')[0m
Migrating to CreateDogsFleas (8)
  [4;36;1mSQL (0.2ms)[0m   [0;1mCREATE TABLE "dogs_fleas" ("id" INTEGER PRIMARY KEY AUTOINCREMENT NOT NULL, "dog_id" integer, "flea_id" integer) [0m
  [4;35;1mSQL (0.1ms)[0m   [0mINSERT INTO schema_migrations (version) VALUES ('8')[0m
Migrating to CreateProducts (9)
  [4;36;1mSQL (0.2ms)[0m   [0;1mCREATE TABLE "products" ("id" INTEGER PRIMARY KEY AUTOINCREMENT NOT NULL, "title" varchar(255), "price" integer, "weight" integer, "size" varchar(255), "tangible" boolean, "created_at" datetime, "updated_at" datetime) [0m
  [4;35;1mSQL (0.1ms)[0m   [0mINSERT INTO schema_migrations (version) VALUES ('9')[0m
Migrating to CreateFriendships (10)
  [4;36;1mSQL (0.2ms)[0m   [0;1mCREATE TABLE "friendships" ("id" INTEGER PRIMARY KEY AUTOINCREMENT NOT NULL, "user_id" integer, "friend_id" integer, "created_at" datetime, "updated_at" datetime) [0m
  [4;35;1mSQL (0.1ms)[0m   [0mINSERT INTO schema_migrations (version) VALUES ('10')[0m
  [4;36;1mSQL (0.2ms)[0m   [0;1m SELECT name
 FROM sqlite_master
 WHERE type = 'table' AND NOT name = 'sqlite_sequence'
[0m
  [4;35;1mSQL (0.1ms)[0m   [0mselect sqlite_version(*)[0m
  [4;36;1mSQL (0.2ms)[0m   [0;1mCREATE TABLE "schema_migrations" ("version" varchar(255) NOT NULL) [0m
  [4;35;1mSQL (0.1ms)[0m   [0mCREATE UNIQUE INDEX "unique_schema_migrations" ON "schema_migrations" ("version")[0m
  [4;36;1mSQL (0.1ms)[0m   [0;1m SELECT name
 FROM sqlite_master
 WHERE type = 'table' AND NOT name = 'sqlite_sequence'
[0m
  [4;35;1mSQL (0.1ms)[0m   [0mSELECT version FROM schema_migrations[0m
Migrating to CreateUsers (1)
  [4;36;1mSQL (0.2ms)[0m   [0;1mCREATE TABLE "users" ("id" INTEGER PRIMARY KEY AUTOINCREMENT NOT NULL, "name" varchar(255), "email" varchar(255), "age" integer, "ssn" varchar(255)) [0m
  [4;35;1mSQL (0.1ms)[0m   [0mCREATE INDEX "index_users_on_email" ON "users" ("email")[0m
  [4;36;1mSQL (0.1ms)[0m   [0;1mCREATE INDEX "index_users_on_name" ON "users" ("name")[0m
  [4;35;1mSQL (0.1ms)[0m   [0mCREATE INDEX "index_users_on_age" ON "users" ("age")[0m
  [4;36;1mSQL (0.1ms)[0m   [0;1mCREATE INDEX "index_users_on_email_and_name" ON "users" ("email", "name")[0m
  [4;35;1mSQL (0.1ms)[0m   [0mINSERT INTO schema_migrations (version) VALUES ('1')[0m
Migrating to CreatePosts (2)
  [4;36;1mSQL (0.2ms)[0m   [0;1mCREATE TABLE "posts" ("id" INTEGER PRIMARY KEY AUTOINCREMENT NOT NULL, "user_id" integer, "title" varchar(255), "body" text) [0m
  [4;35;1mSQL (0.1ms)[0m   [0mINSERT INTO schema_migrations (version) VALUES ('2')[0m
Migrating to CreateTaggings (3)
  [4;36;1mSQL (0.1ms)[0m   [0;1mCREATE TABLE "taggings" ("id" INTEGER PRIMARY KEY AUTOINCREMENT NOT NULL, "post_id" integer, "tag_id" integer) [0m
  [4;35;1mSQL (0.1ms)[0m   [0mINSERT INTO schema_migrations (version) VALUES ('3')[0m
Migrating to CreateTags (4)
  [4;36;1mSQL (0.2ms)[0m   [0;1mCREATE TABLE "tags" ("id" INTEGER PRIMARY KEY AUTOINCREMENT NOT NULL, "name" varchar(255)) [0m
  [4;35;1mSQL (0.1ms)[0m   [0mINSERT INTO schema_migrations (version) VALUES ('4')[0m
Migrating to CreateDogs (5)
  [4;36;1mSQL (0.1ms)[0m   [0;1mCREATE TABLE "dogs" ("id" INTEGER PRIMARY KEY AUTOINCREMENT NOT NULL, "owner_id" integer, "address_id" integer) [0m
  [4;35;1mSQL (0.1ms)[0m   [0mINSERT INTO schema_migrations (version) VALUES ('5')[0m
Migrating to CreateAddresses (6)
  [4;36;1mSQL (0.2ms)[0m   [0;1mCREATE TABLE "addresses" ("id" INTEGER PRIMARY KEY AUTOINCREMENT NOT NULL, "title" varchar(255), "addressable_id" integer, "addressable_type" varchar(255), "zip" varchar(255)) [0m
  [4;35;1mSQL (0.1ms)[0m   [0mINSERT INTO schema_migrations (version) VALUES ('6')[0m
Migrating to CreateFleas (7)
  [4;36;1mSQL (0.1ms)[0m   [0;1mCREATE TABLE "fleas" ("id" INTEGER PRIMARY KEY AUTOINCREMENT NOT NULL, "name" varchar(255)) [0m
  [4;35;1mSQL (0.1ms)[0m   [0mINSERT INTO schema_migrations (version) VALUES ('7')[0m
Migrating to CreateDogsFleas (8)
  [4;36;1mSQL (0.2ms)[0m   [0;1mCREATE TABLE "dogs_fleas" ("id" INTEGER PRIMARY KEY AUTOINCREMENT NOT NULL, "dog_id" integer, "flea_id" integer) [0m
  [4;35;1mSQL (0.1ms)[0m   [0mINSERT INTO schema_migrations (version) VALUES ('8')[0m
Migrating to CreateProducts (9)
  [4;36;1mSQL (0.2ms)[0m   [0;1mCREATE TABLE "products" ("id" INTEGER PRIMARY KEY AUTOINCREMENT NOT NULL, "title" varchar(255), "price" integer, "weight" integer, "size" varchar(255), "tangible" boolean, "created_at" datetime, "updated_at" datetime) [0m
  [4;35;1mSQL (0.1ms)[0m   [0mINSERT INTO schema_migrations (version) VALUES ('9')[0m
Migrating to CreateFriendships (10)
  [4;36;1mSQL (0.2ms)[0m   [0;1mCREATE TABLE "friendships" ("id" INTEGER PRIMARY KEY AUTOINCREMENT NOT NULL, "user_id" integer, "friend_id" integer, "created_at" datetime, "updated_at" datetime) [0m
  [4;35;1mSQL (0.1ms)[0m   [0mINSERT INTO schema_migrations (version) VALUES ('10')[0m
  [4;36;1mSQL (0.2ms)[0m   [0;1m SELECT name
 FROM sqlite_master
 WHERE type = 'table' AND NOT name = 'sqlite_sequence'
[0m
  [4;35;1mSQL (0.1ms)[0m   [0mselect sqlite_version(*)[0m
  [4;36;1mSQL (0.2ms)[0m   [0;1mCREATE TABLE "schema_migrations" ("version" varchar(255) NOT NULL) [0m
  [4;35;1mSQL (0.1ms)[0m   [0mCREATE UNIQUE INDEX "unique_schema_migrations" ON "schema_migrations" ("version")[0m
  [4;36;1mSQL (0.1ms)[0m   [0;1m SELECT name
 FROM sqlite_master
 WHERE type = 'table' AND NOT name = 'sqlite_sequence'
[0m
  [4;35;1mSQL (0.1ms)[0m   [0mSELECT version FROM schema_migrations[0m
Migrating to CreateUsers (1)
  [4;36;1mSQL (0.3ms)[0m   [0;1mCREATE TABLE "users" ("id" INTEGER PRIMARY KEY AUTOINCREMENT NOT NULL, "name" varchar(255), "email" varchar(255), "age" integer, "ssn" varchar(255)) [0m
  [4;35;1mSQL (0.1ms)[0m   [0mCREATE INDEX "index_users_on_email" ON "users" ("email")[0m
  [4;36;1mSQL (0.1ms)[0m   [0;1mCREATE INDEX "index_users_on_name" ON "users" ("name")[0m
  [4;35;1mSQL (0.1ms)[0m   [0mCREATE INDEX "index_users_on_age" ON "users" ("age")[0m
  [4;36;1mSQL (0.1ms)[0m   [0;1mCREATE INDEX "index_users_on_email_and_name" ON "users" ("email", "name")[0m
  [4;35;1mSQL (0.1ms)[0m   [0mINSERT INTO schema_migrations (version) VALUES ('1')[0m
Migrating to CreatePosts (2)
  [4;36;1mSQL (0.2ms)[0m   [0;1mCREATE TABLE "posts" ("id" INTEGER PRIMARY KEY AUTOINCREMENT NOT NULL, "user_id" integer, "title" varchar(255), "body" text) [0m
  [4;35;1mSQL (0.1ms)[0m   [0mINSERT INTO schema_migrations (version) VALUES ('2')[0m
Migrating to CreateTaggings (3)
  [4;36;1mSQL (0.1ms)[0m   [0;1mCREATE TABLE "taggings" ("id" INTEGER PRIMARY KEY AUTOINCREMENT NOT NULL, "post_id" integer, "tag_id" integer) [0m
  [4;35;1mSQL (0.1ms)[0m   [0mINSERT INTO schema_migrations (version) VALUES ('3')[0m
Migrating to CreateTags (4)
  [4;36;1mSQL (0.2ms)[0m   [0;1mCREATE TABLE "tags" ("id" INTEGER PRIMARY KEY AUTOINCREMENT NOT NULL, "name" varchar(255)) [0m
  [4;35;1mSQL (0.1ms)[0m   [0mINSERT INTO schema_migrations (version) VALUES ('4')[0m
Migrating to CreateDogs (5)
  [4;36;1mSQL (0.2ms)[0m   [0;1mCREATE TABLE "dogs" ("id" INTEGER PRIMARY KEY AUTOINCREMENT NOT NULL, "owner_id" integer, "address_id" integer) [0m
  [4;35;1mSQL (0.1ms)[0m   [0mINSERT INTO schema_migrations (version) VALUES ('5')[0m
Migrating to CreateAddresses (6)
  [4;36;1mSQL (0.2ms)[0m   [0;1mCREATE TABLE "addresses" ("id" INTEGER PRIMARY KEY AUTOINCREMENT NOT NULL, "title" varchar(255), "addressable_id" integer, "addressable_type" varchar(255), "zip" varchar(255)) [0m
  [4;35;1mSQL (0.1ms)[0m   [0mINSERT INTO schema_migrations (version) VALUES ('6')[0m
Migrating to CreateFleas (7)
  [4;36;1mSQL (0.1ms)[0m   [0;1mCREATE TABLE "fleas" ("id" INTEGER PRIMARY KEY AUTOINCREMENT NOT NULL, "name" varchar(255)) [0m
  [4;35;1mSQL (0.1ms)[0m   [0mINSERT INTO schema_migrations (version) VALUES ('7')[0m
Migrating to CreateDogsFleas (8)
  [4;36;1mSQL (0.2ms)[0m   [0;1mCREATE TABLE "dogs_fleas" ("id" INTEGER PRIMARY KEY AUTOINCREMENT NOT NULL, "dog_id" integer, "flea_id" integer) [0m
  [4;35;1mSQL (0.1ms)[0m   [0mINSERT INTO schema_migrations (version) VALUES ('8')[0m
Migrating to CreateProducts (9)
  [4;36;1mSQL (0.2ms)[0m   [0;1mCREATE TABLE "products" ("id" INTEGER PRIMARY KEY AUTOINCREMENT NOT NULL, "title" varchar(255), "price" integer, "weight" integer, "size" varchar(255), "tangible" boolean, "created_at" datetime, "updated_at" datetime) [0m
  [4;35;1mSQL (0.1ms)[0m   [0mINSERT INTO schema_migrations (version) VALUES ('9')[0m
Migrating to CreateFriendships (10)
  [4;36;1mSQL (0.2ms)[0m   [0;1mCREATE TABLE "friendships" ("id" INTEGER PRIMARY KEY AUTOINCREMENT NOT NULL, "user_id" integer, "friend_id" integer, "created_at" datetime, "updated_at" datetime) [0m
  [4;35;1mSQL (0.1ms)[0m   [0mINSERT INTO schema_migrations (version) VALUES ('10')[0m
  [4;36;1mSQL (0.2ms)[0m   [0;1m SELECT name
 FROM sqlite_master
 WHERE type = 'table' AND NOT name = 'sqlite_sequence'
[0m
  [4;35;1mSQL (0.1ms)[0m   [0mselect sqlite_version(*)[0m
  [4;36;1mSQL (0.2ms)[0m   [0;1mCREATE TABLE "schema_migrations" ("version" varchar(255) NOT NULL) [0m
  [4;35;1mSQL (0.1ms)[0m   [0mCREATE UNIQUE INDEX "unique_schema_migrations" ON "schema_migrations" ("version")[0m
  [4;36;1mSQL (0.1ms)[0m   [0;1m SELECT name
 FROM sqlite_master
 WHERE type = 'table' AND NOT name = 'sqlite_sequence'
[0m
  [4;35;1mSQL (0.1ms)[0m   [0mSELECT version FROM schema_migrations[0m
Migrating to CreateUsers (1)
  [4;36;1mSQL (0.3ms)[0m   [0;1mCREATE TABLE "users" ("id" INTEGER PRIMARY KEY AUTOINCREMENT NOT NULL, "name" varchar(255), "email" varchar(255), "age" integer, "ssn" varchar(255)) [0m
  [4;35;1mSQL (0.1ms)[0m   [0mCREATE INDEX "index_users_on_email" ON "users" ("email")[0m
  [4;36;1mSQL (0.1ms)[0m   [0;1mCREATE INDEX "index_users_on_name" ON "users" ("name")[0m
  [4;35;1mSQL (0.1ms)[0m   [0mCREATE INDEX "index_users_on_age" ON "users" ("age")[0m
  [4;36;1mSQL (0.1ms)[0m   [0;1mCREATE INDEX "index_users_on_email_and_name" ON "users" ("email", "name")[0m
  [4;35;1mSQL (0.1ms)[0m   [0mINSERT INTO schema_migrations (version) VALUES ('1')[0m
Migrating to CreatePosts (2)
  [4;36;1mSQL (0.2ms)[0m   [0;1mCREATE TABLE "posts" ("id" INTEGER PRIMARY KEY AUTOINCREMENT NOT NULL, "user_id" integer, "title" varchar(255), "body" text) [0m
  [4;35;1mSQL (0.1ms)[0m   [0mINSERT INTO schema_migrations (version) VALUES ('2')[0m
Migrating to CreateTaggings (3)
  [4;36;1mSQL (0.2ms)[0m   [0;1mCREATE TABLE "taggings" ("id" INTEGER PRIMARY KEY AUTOINCREMENT NOT NULL, "post_id" integer, "tag_id" integer) [0m
  [4;35;1mSQL (0.1ms)[0m   [0mINSERT INTO schema_migrations (version) VALUES ('3')[0m
Migrating to CreateTags (4)
  [4;36;1mSQL (0.2ms)[0m   [0;1mCREATE TABLE "tags" ("id" INTEGER PRIMARY KEY AUTOINCREMENT NOT NULL, "name" varchar(255)) [0m
  [4;35;1mSQL (0.1ms)[0m   [0mINSERT INTO schema_migrations (version) VALUES ('4')[0m
Migrating to CreateDogs (5)
  [4;36;1mSQL (0.2ms)[0m   [0;1mCREATE TABLE "dogs" ("id" INTEGER PRIMARY KEY AUTOINCREMENT NOT NULL, "owner_id" integer, "address_id" integer) [0m
  [4;35;1mSQL (0.1ms)[0m   [0mINSERT INTO schema_migrations (version) VALUES ('5')[0m
Migrating to CreateAddresses (6)
  [4;36;1mSQL (0.2ms)[0m   [0;1mCREATE TABLE "addresses" ("id" INTEGER PRIMARY KEY AUTOINCREMENT NOT NULL, "title" varchar(255), "addressable_id" integer, "addressable_type" varchar(255), "zip" varchar(255)) [0m
  [4;35;1mSQL (0.1ms)[0m   [0mINSERT INTO schema_migrations (version) VALUES ('6')[0m
Migrating to CreateFleas (7)
  [4;36;1mSQL (0.2ms)[0m   [0;1mCREATE TABLE "fleas" ("id" INTEGER PRIMARY KEY AUTOINCREMENT NOT NULL, "name" varchar(255)) [0m
  [4;35;1mSQL (0.1ms)[0m   [0mINSERT INTO schema_migrations (version) VALUES ('7')[0m
Migrating to CreateDogsFleas (8)
  [4;36;1mSQL (0.2ms)[0m   [0;1mCREATE TABLE "dogs_fleas" ("id" INTEGER PRIMARY KEY AUTOINCREMENT NOT NULL, "dog_id" integer, "flea_id" integer) [0m
  [4;35;1mSQL (0.3ms)[0m   [0mINSERT INTO schema_migrations (version) VALUES ('8')[0m
Migrating to CreateProducts (9)
  [4;36;1mSQL (0.2ms)[0m   [0;1mCREATE TABLE "products" ("id" INTEGER PRIMARY KEY AUTOINCREMENT NOT NULL, "title" varchar(255), "price" integer, "weight" integer, "size" varchar(255), "tangible" boolean, "created_at" datetime, "updated_at" datetime) [0m
  [4;35;1mSQL (0.1ms)[0m   [0mINSERT INTO schema_migrations (version) VALUES ('9')[0m
Migrating to CreateFriendships (10)
  [4;36;1mSQL (0.2ms)[0m   [0;1mCREATE TABLE "friendships" ("id" INTEGER PRIMARY KEY AUTOINCREMENT NOT NULL, "user_id" integer, "friend_id" integer, "created_at" datetime, "updated_at" datetime) [0m
  [4;35;1mSQL (0.1ms)[0m   [0mINSERT INTO schema_migrations (version) VALUES ('10')[0m
  [4;36;1mSQL (0.2ms)[0m   [0;1m SELECT name
 FROM sqlite_master
 WHERE type = 'table' AND NOT name = 'sqlite_sequence'
[0m
  [4;35;1mSQL (0.1ms)[0m   [0mselect sqlite_version(*)[0m
  [4;36;1mSQL (0.2ms)[0m   [0;1mCREATE TABLE "schema_migrations" ("version" varchar(255) NOT NULL) [0m
  [4;35;1mSQL (0.1ms)[0m   [0mCREATE UNIQUE INDEX "unique_schema_migrations" ON "schema_migrations" ("version")[0m
  [4;36;1mSQL (0.1ms)[0m   [0;1m SELECT name
 FROM sqlite_master
 WHERE type = 'table' AND NOT name = 'sqlite_sequence'
[0m
  [4;35;1mSQL (0.1ms)[0m   [0mSELECT version FROM schema_migrations[0m
Migrating to CreateUsers (1)
  [4;36;1mSQL (0.3ms)[0m   [0;1mCREATE TABLE "users" ("id" INTEGER PRIMARY KEY AUTOINCREMENT NOT NULL, "name" varchar(255), "email" varchar(255), "age" integer, "ssn" varchar(255)) [0m
  [4;35;1mSQL (0.1ms)[0m   [0mCREATE INDEX "index_users_on_email" ON "users" ("email")[0m
  [4;36;1mSQL (0.1ms)[0m   [0;1mCREATE INDEX "index_users_on_name" ON "users" ("name")[0m
  [4;35;1mSQL (0.1ms)[0m   [0mCREATE INDEX "index_users_on_age" ON "users" ("age")[0m
  [4;36;1mSQL (0.1ms)[0m   [0;1mCREATE INDEX "index_users_on_email_and_name" ON "users" ("email", "name")[0m
  [4;35;1mSQL (0.1ms)[0m   [0mINSERT INTO schema_migrations (version) VALUES ('1')[0m
Migrating to CreatePosts (2)
  [4;36;1mSQL (0.2ms)[0m   [0;1mCREATE TABLE "posts" ("id" INTEGER PRIMARY KEY AUTOINCREMENT NOT NULL, "user_id" integer, "title" varchar(255), "body" text) [0m
  [4;35;1mSQL (0.1ms)[0m   [0mINSERT INTO schema_migrations (version) VALUES ('2')[0m
Migrating to CreateTaggings (3)
  [4;36;1mSQL (0.2ms)[0m   [0;1mCREATE TABLE "taggings" ("id" INTEGER PRIMARY KEY AUTOINCREMENT NOT NULL, "post_id" integer, "tag_id" integer) [0m
  [4;35;1mSQL (0.1ms)[0m   [0mINSERT INTO schema_migrations (version) VALUES ('3')[0m
Migrating to CreateTags (4)
  [4;36;1mSQL (0.2ms)[0m   [0;1mCREATE TABLE "tags" ("id" INTEGER PRIMARY KEY AUTOINCREMENT NOT NULL, "name" varchar(255)) [0m
  [4;35;1mSQL (0.1ms)[0m   [0mINSERT INTO schema_migrations (version) VALUES ('4')[0m
Migrating to CreateDogs (5)
  [4;36;1mSQL (0.2ms)[0m   [0;1mCREATE TABLE "dogs" ("id" INTEGER PRIMARY KEY AUTOINCREMENT NOT NULL, "owner_id" integer, "address_id" integer) [0m
  [4;35;1mSQL (0.1ms)[0m   [0mINSERT INTO schema_migrations (version) VALUES ('5')[0m
Migrating to CreateAddresses (6)
  [4;36;1mSQL (0.2ms)[0m   [0;1mCREATE TABLE "addresses" ("id" INTEGER PRIMARY KEY AUTOINCREMENT NOT NULL, "title" varchar(255), "addressable_id" integer, "addressable_type" varchar(255), "zip" varchar(255)) [0m
  [4;35;1mSQL (0.1ms)[0m   [0mINSERT INTO schema_migrations (version) VALUES ('6')[0m
Migrating to CreateFleas (7)
  [4;36;1mSQL (0.1ms)[0m   [0;1mCREATE TABLE "fleas" ("id" INTEGER PRIMARY KEY AUTOINCREMENT NOT NULL, "name" varchar(255)) [0m
  [4;35;1mSQL (0.1ms)[0m   [0mINSERT INTO schema_migrations (version) VALUES ('7')[0m
Migrating to CreateDogsFleas (8)
  [4;36;1mSQL (0.2ms)[0m   [0;1mCREATE TABLE "dogs_fleas" ("id" INTEGER PRIMARY KEY AUTOINCREMENT NOT NULL, "dog_id" integer, "flea_id" integer) [0m
  [4;35;1mSQL (0.1ms)[0m   [0mINSERT INTO schema_migrations (version) VALUES ('8')[0m
Migrating to CreateProducts (9)
  [4;36;1mSQL (0.2ms)[0m   [0;1mCREATE TABLE "products" ("id" INTEGER PRIMARY KEY AUTOINCREMENT NOT NULL, "title" varchar(255), "price" integer, "weight" integer, "size" varchar(255), "tangible" boolean, "created_at" datetime, "updated_at" datetime) [0m
  [4;35;1mSQL (0.1ms)[0m   [0mINSERT INTO schema_migrations (version) VALUES ('9')[0m
Migrating to CreateFriendships (10)
  [4;36;1mSQL (0.2ms)[0m   [0;1mCREATE TABLE "friendships" ("id" INTEGER PRIMARY KEY AUTOINCREMENT NOT NULL, "user_id" integer, "friend_id" integer, "created_at" datetime, "updated_at" datetime) [0m
  [4;35;1mSQL (0.1ms)[0m   [0mINSERT INTO schema_migrations (version) VALUES ('10')[0m
  [4;36;1mSQL (0.2ms)[0m   [0;1m SELECT name
 FROM sqlite_master
 WHERE type = 'table' AND NOT name = 'sqlite_sequence'
[0m
  [4;35;1mSQL (0.1ms)[0m   [0mselect sqlite_version(*)[0m
  [4;36;1mSQL (0.2ms)[0m   [0;1mCREATE TABLE "schema_migrations" ("version" varchar(255) NOT NULL) [0m
  [4;35;1mSQL (0.1ms)[0m   [0mCREATE UNIQUE INDEX "unique_schema_migrations" ON "schema_migrations" ("version")[0m
  [4;36;1mSQL (0.1ms)[0m   [0;1m SELECT name
 FROM sqlite_master
 WHERE type = 'table' AND NOT name = 'sqlite_sequence'
[0m
  [4;35;1mSQL (0.1ms)[0m   [0mSELECT version FROM schema_migrations[0m
Migrating to CreateUsers (1)
  [4;36;1mSQL (0.2ms)[0m   [0;1mCREATE TABLE "users" ("id" INTEGER PRIMARY KEY AUTOINCREMENT NOT NULL, "name" varchar(255), "email" varchar(255), "age" integer, "ssn" varchar(255)) [0m
  [4;35;1mSQL (0.1ms)[0m   [0mCREATE INDEX "index_users_on_email" ON "users" ("email")[0m
  [4;36;1mSQL (0.1ms)[0m   [0;1mCREATE INDEX "index_users_on_name" ON "users" ("name")[0m
  [4;35;1mSQL (0.1ms)[0m   [0mCREATE INDEX "index_users_on_age" ON "users" ("age")[0m
  [4;36;1mSQL (0.1ms)[0m   [0;1mCREATE INDEX "index_users_on_email_and_name" ON "users" ("email", "name")[0m
  [4;35;1mSQL (0.1ms)[0m   [0mINSERT INTO schema_migrations (version) VALUES ('1')[0m
Migrating to CreatePosts (2)
  [4;36;1mSQL (0.2ms)[0m   [0;1mCREATE TABLE "posts" ("id" INTEGER PRIMARY KEY AUTOINCREMENT NOT NULL, "user_id" integer, "title" varchar(255), "body" text) [0m
  [4;35;1mSQL (0.1ms)[0m   [0mINSERT INTO schema_migrations (version) VALUES ('2')[0m
Migrating to CreateTaggings (3)
  [4;36;1mSQL (0.2ms)[0m   [0;1mCREATE TABLE "taggings" ("id" INTEGER PRIMARY KEY AUTOINCREMENT NOT NULL, "post_id" integer, "tag_id" integer) [0m
  [4;35;1mSQL (0.1ms)[0m   [0mINSERT INTO schema_migrations (version) VALUES ('3')[0m
Migrating to CreateTags (4)
  [4;36;1mSQL (0.2ms)[0m   [0;1mCREATE TABLE "tags" ("id" INTEGER PRIMARY KEY AUTOINCREMENT NOT NULL, "name" varchar(255)) [0m
  [4;35;1mSQL (0.1ms)[0m   [0mINSERT INTO schema_migrations (version) VALUES ('4')[0m
Migrating to CreateDogs (5)
  [4;36;1mSQL (0.2ms)[0m   [0;1mCREATE TABLE "dogs" ("id" INTEGER PRIMARY KEY AUTOINCREMENT NOT NULL, "owner_id" integer, "address_id" integer) [0m
  [4;35;1mSQL (0.1ms)[0m   [0mINSERT INTO schema_migrations (version) VALUES ('5')[0m
Migrating to CreateAddresses (6)
  [4;36;1mSQL (0.2ms)[0m   [0;1mCREATE TABLE "addresses" ("id" INTEGER PRIMARY KEY AUTOINCREMENT NOT NULL, "title" varchar(255), "addressable_id" integer, "addressable_type" varchar(255), "zip" varchar(255)) [0m
  [4;35;1mSQL (0.1ms)[0m   [0mINSERT INTO schema_migrations (version) VALUES ('6')[0m
Migrating to CreateFleas (7)
  [4;36;1mSQL (0.1ms)[0m   [0;1mCREATE TABLE "fleas" ("id" INTEGER PRIMARY KEY AUTOINCREMENT NOT NULL, "name" varchar(255)) [0m
  [4;35;1mSQL (0.1ms)[0m   [0mINSERT INTO schema_migrations (version) VALUES ('7')[0m
Migrating to CreateDogsFleas (8)
  [4;36;1mSQL (0.2ms)[0m   [0;1mCREATE TABLE "dogs_fleas" ("id" INTEGER PRIMARY KEY AUTOINCREMENT NOT NULL, "dog_id" integer, "flea_id" integer) [0m
  [4;35;1mSQL (0.1ms)[0m   [0mINSERT INTO schema_migrations (version) VALUES ('8')[0m
Migrating to CreateProducts (9)
  [4;36;1mSQL (0.2ms)[0m   [0;1mCREATE TABLE "products" ("id" INTEGER PRIMARY KEY AUTOINCREMENT NOT NULL, "title" varchar(255), "price" integer, "weight" integer, "size" varchar(255), "tangible" boolean, "created_at" datetime, "updated_at" datetime) [0m
  [4;35;1mSQL (0.1ms)[0m   [0mINSERT INTO schema_migrations (version) VALUES ('9')[0m
Migrating to CreateFriendships (10)
  [4;36;1mSQL (0.2ms)[0m   [0;1mCREATE TABLE "friendships" ("id" INTEGER PRIMARY KEY AUTOINCREMENT NOT NULL, "user_id" integer, "friend_id" integer, "created_at" datetime, "updated_at" datetime) [0m
  [4;35;1mSQL (0.1ms)[0m   [0mINSERT INTO schema_migrations (version) VALUES ('10')[0m
  [4;36;1mSQL (0.2ms)[0m   [0;1m SELECT name
 FROM sqlite_master
 WHERE type = 'table' AND NOT name = 'sqlite_sequence'
[0m
  [4;35;1mSQL (0.1ms)[0m   [0mselect sqlite_version(*)[0m
  [4;36;1mSQL (0.2ms)[0m   [0;1mCREATE TABLE "schema_migrations" ("version" varchar(255) NOT NULL) [0m
  [4;35;1mSQL (0.1ms)[0m   [0mCREATE UNIQUE INDEX "unique_schema_migrations" ON "schema_migrations" ("version")[0m
  [4;36;1mSQL (0.1ms)[0m   [0;1m SELECT name
 FROM sqlite_master
 WHERE type = 'table' AND NOT name = 'sqlite_sequence'
[0m
  [4;35;1mSQL (0.1ms)[0m   [0mSELECT version FROM schema_migrations[0m
Migrating to CreateUsers (1)
  [4;36;1mSQL (0.3ms)[0m   [0;1mCREATE TABLE "users" ("id" INTEGER PRIMARY KEY AUTOINCREMENT NOT NULL, "name" varchar(255), "email" varchar(255), "age" integer, "ssn" varchar(255)) [0m
  [4;35;1mSQL (0.1ms)[0m   [0mCREATE INDEX "index_users_on_email" ON "users" ("email")[0m
  [4;36;1mSQL (0.1ms)[0m   [0;1mCREATE INDEX "index_users_on_name" ON "users" ("name")[0m
  [4;35;1mSQL (0.1ms)[0m   [0mCREATE INDEX "index_users_on_age" ON "users" ("age")[0m
  [4;36;1mSQL (0.1ms)[0m   [0;1mCREATE INDEX "index_users_on_email_and_name" ON "users" ("email", "name")[0m
  [4;35;1mSQL (0.1ms)[0m   [0mINSERT INTO schema_migrations (version) VALUES ('1')[0m
Migrating to CreatePosts (2)
  [4;36;1mSQL (0.2ms)[0m   [0;1mCREATE TABLE "posts" ("id" INTEGER PRIMARY KEY AUTOINCREMENT NOT NULL, "user_id" integer, "title" varchar(255), "body" text) [0m
  [4;35;1mSQL (0.1ms)[0m   [0mINSERT INTO schema_migrations (version) VALUES ('2')[0m
Migrating to CreateTaggings (3)
  [4;36;1mSQL (0.2ms)[0m   [0;1mCREATE TABLE "taggings" ("id" INTEGER PRIMARY KEY AUTOINCREMENT NOT NULL, "post_id" integer, "tag_id" integer) [0m
  [4;35;1mSQL (0.1ms)[0m   [0mINSERT INTO schema_migrations (version) VALUES ('3')[0m
Migrating to CreateTags (4)
  [4;36;1mSQL (0.1ms)[0m   [0;1mCREATE TABLE "tags" ("id" INTEGER PRIMARY KEY AUTOINCREMENT NOT NULL, "name" varchar(255)) [0m
  [4;35;1mSQL (0.1ms)[0m   [0mINSERT INTO schema_migrations (version) VALUES ('4')[0m
Migrating to CreateDogs (5)
  [4;36;1mSQL (0.1ms)[0m   [0;1mCREATE TABLE "dogs" ("id" INTEGER PRIMARY KEY AUTOINCREMENT NOT NULL, "owner_id" integer, "address_id" integer) [0m
  [4;35;1mSQL (0.1ms)[0m   [0mINSERT INTO schema_migrations (version) VALUES ('5')[0m
Migrating to CreateAddresses (6)
  [4;36;1mSQL (0.2ms)[0m   [0;1mCREATE TABLE "addresses" ("id" INTEGER PRIMARY KEY AUTOINCREMENT NOT NULL, "title" varchar(255), "addressable_id" integer, "addressable_type" varchar(255), "zip" varchar(255)) [0m
  [4;35;1mSQL (0.1ms)[0m   [0mINSERT INTO schema_migrations (version) VALUES ('6')[0m
Migrating to CreateFleas (7)
  [4;36;1mSQL (0.2ms)[0m   [0;1mCREATE TABLE "fleas" ("id" INTEGER PRIMARY KEY AUTOINCREMENT NOT NULL, "name" varchar(255)) [0m
  [4;35;1mSQL (0.1ms)[0m   [0mINSERT INTO schema_migrations (version) VALUES ('7')[0m
Migrating to CreateDogsFleas (8)
  [4;36;1mSQL (0.2ms)[0m   [0;1mCREATE TABLE "dogs_fleas" ("id" INTEGER PRIMARY KEY AUTOINCREMENT NOT NULL, "dog_id" integer, "flea_id" integer) [0m
  [4;35;1mSQL (0.1ms)[0m   [0mINSERT INTO schema_migrations (version) VALUES ('8')[0m
Migrating to CreateProducts (9)
  [4;36;1mSQL (0.2ms)[0m   [0;1mCREATE TABLE "products" ("id" INTEGER PRIMARY KEY AUTOINCREMENT NOT NULL, "title" varchar(255), "price" integer, "weight" integer, "size" varchar(255), "tangible" boolean, "created_at" datetime, "updated_at" datetime) [0m
  [4;35;1mSQL (0.1ms)[0m   [0mINSERT INTO schema_migrations (version) VALUES ('9')[0m
Migrating to CreateFriendships (10)
  [4;36;1mSQL (0.2ms)[0m   [0;1mCREATE TABLE "friendships" ("id" INTEGER PRIMARY KEY AUTOINCREMENT NOT NULL, "user_id" integer, "friend_id" integer, "created_at" datetime, "updated_at" datetime) [0m
  [4;35;1mSQL (0.1ms)[0m   [0mINSERT INTO schema_migrations (version) VALUES ('10')[0m
  [4;36;1mSQL (0.2ms)[0m   [0;1m SELECT name
 FROM sqlite_master
 WHERE type = 'table' AND NOT name = 'sqlite_sequence'
[0m
  [4;35;1mSQL (0.1ms)[0m   [0mselect sqlite_version(*)[0m
  [4;36;1mSQL (0.2ms)[0m   [0;1mCREATE TABLE "schema_migrations" ("version" varchar(255) NOT NULL) [0m
  [4;35;1mSQL (0.1ms)[0m   [0mCREATE UNIQUE INDEX "unique_schema_migrations" ON "schema_migrations" ("version")[0m
  [4;36;1mSQL (0.1ms)[0m   [0;1m SELECT name
 FROM sqlite_master
 WHERE type = 'table' AND NOT name = 'sqlite_sequence'
[0m
  [4;35;1mSQL (0.1ms)[0m   [0mSELECT version FROM schema_migrations[0m
Migrating to CreateUsers (1)
  [4;36;1mSQL (0.2ms)[0m   [0;1mCREATE TABLE "users" ("id" INTEGER PRIMARY KEY AUTOINCREMENT NOT NULL, "name" varchar(255), "email" varchar(255), "age" integer, "ssn" varchar(255)) [0m
  [4;35;1mSQL (0.1ms)[0m   [0mCREATE INDEX "index_users_on_email" ON "users" ("email")[0m
  [4;36;1mSQL (0.2ms)[0m   [0;1mCREATE INDEX "index_users_on_name" ON "users" ("name")[0m
  [4;35;1mSQL (0.2ms)[0m   [0mCREATE INDEX "index_users_on_age" ON "users" ("age")[0m
  [4;36;1mSQL (0.1ms)[0m   [0;1mCREATE INDEX "index_users_on_email_and_name" ON "users" ("email", "name")[0m
  [4;35;1mSQL (0.1ms)[0m   [0mINSERT INTO schema_migrations (version) VALUES ('1')[0m
Migrating to CreatePosts (2)
  [4;36;1mSQL (0.2ms)[0m   [0;1mCREATE TABLE "posts" ("id" INTEGER PRIMARY KEY AUTOINCREMENT NOT NULL, "user_id" integer, "title" varchar(255), "body" text) [0m
  [4;35;1mSQL (0.1ms)[0m   [0mINSERT INTO schema_migrations (version) VALUES ('2')[0m
Migrating to CreateTaggings (3)
  [4;36;1mSQL (0.2ms)[0m   [0;1mCREATE TABLE "taggings" ("id" INTEGER PRIMARY KEY AUTOINCREMENT NOT NULL, "post_id" integer, "tag_id" integer) [0m
  [4;35;1mSQL (0.1ms)[0m   [0mINSERT INTO schema_migrations (version) VALUES ('3')[0m
Migrating to CreateTags (4)
  [4;36;1mSQL (0.1ms)[0m   [0;1mCREATE TABLE "tags" ("id" INTEGER PRIMARY KEY AUTOINCREMENT NOT NULL, "name" varchar(255)) [0m
  [4;35;1mSQL (0.1ms)[0m   [0mINSERT INTO schema_migrations (version) VALUES ('4')[0m
Migrating to CreateDogs (5)
  [4;36;1mSQL (0.2ms)[0m   [0;1mCREATE TABLE "dogs" ("id" INTEGER PRIMARY KEY AUTOINCREMENT NOT NULL, "owner_id" integer, "address_id" integer) [0m
  [4;35;1mSQL (0.1ms)[0m   [0mINSERT INTO schema_migrations (version) VALUES ('5')[0m
Migrating to CreateAddresses (6)
  [4;36;1mSQL (0.2ms)[0m   [0;1mCREATE TABLE "addresses" ("id" INTEGER PRIMARY KEY AUTOINCREMENT NOT NULL, "title" varchar(255), "addressable_id" integer, "addressable_type" varchar(255), "zip" varchar(255)) [0m
  [4;35;1mSQL (0.1ms)[0m   [0mINSERT INTO schema_migrations (version) VALUES ('6')[0m
Migrating to CreateFleas (7)
  [4;36;1mSQL (0.2ms)[0m   [0;1mCREATE TABLE "fleas" ("id" INTEGER PRIMARY KEY AUTOINCREMENT NOT NULL, "name" varchar(255)) [0m
  [4;35;1mSQL (0.1ms)[0m   [0mINSERT INTO schema_migrations (version) VALUES ('7')[0m
Migrating to CreateDogsFleas (8)
  [4;36;1mSQL (0.2ms)[0m   [0;1mCREATE TABLE "dogs_fleas" ("id" INTEGER PRIMARY KEY AUTOINCREMENT NOT NULL, "dog_id" integer, "flea_id" integer) [0m
  [4;35;1mSQL (0.1ms)[0m   [0mINSERT INTO schema_migrations (version) VALUES ('8')[0m
Migrating to CreateProducts (9)
  [4;36;1mSQL (0.2ms)[0m   [0;1mCREATE TABLE "products" ("id" INTEGER PRIMARY KEY AUTOINCREMENT NOT NULL, "title" varchar(255), "price" integer, "weight" integer, "size" varchar(255), "tangible" boolean, "created_at" datetime, "updated_at" datetime) [0m
  [4;35;1mSQL (0.1ms)[0m   [0mINSERT INTO schema_migrations (version) VALUES ('9')[0m
Migrating to CreateFriendships (10)
  [4;36;1mSQL (0.2ms)[0m   [0;1mCREATE TABLE "friendships" ("id" INTEGER PRIMARY KEY AUTOINCREMENT NOT NULL, "user_id" integer, "friend_id" integer, "created_at" datetime, "updated_at" datetime) [0m
  [4;35;1mSQL (0.1ms)[0m   [0mINSERT INTO schema_migrations (version) VALUES ('10')[0m
  [4;36;1mSQL (0.2ms)[0m   [0;1m SELECT name
 FROM sqlite_master
 WHERE type = 'table' AND NOT name = 'sqlite_sequence'
[0m
  [4;35;1mSQL (0.1ms)[0m   [0mselect sqlite_version(*)[0m
  [4;36;1mSQL (0.3ms)[0m   [0;1mCREATE TABLE "schema_migrations" ("version" varchar(255) NOT NULL) [0m
  [4;35;1mSQL (0.2ms)[0m   [0mCREATE UNIQUE INDEX "unique_schema_migrations" ON "schema_migrations" ("version")[0m
  [4;36;1mSQL (0.2ms)[0m   [0;1m SELECT name
 FROM sqlite_master
 WHERE type = 'table' AND NOT name = 'sqlite_sequence'
[0m
  [4;35;1mSQL (0.1ms)[0m   [0mSELECT version FROM schema_migrations[0m
Migrating to CreateUsers (1)
  [4;36;1mSQL (0.3ms)[0m   [0;1mCREATE TABLE "users" ("id" INTEGER PRIMARY KEY AUTOINCREMENT NOT NULL, "name" varchar(255), "email" varchar(255), "age" integer, "ssn" varchar(255)) [0m
  [4;35;1mSQL (0.1ms)[0m   [0mCREATE INDEX "index_users_on_email" ON "users" ("email")[0m
  [4;36;1mSQL (0.1ms)[0m   [0;1mCREATE INDEX "index_users_on_name" ON "users" ("name")[0m
  [4;35;1mSQL (0.1ms)[0m   [0mCREATE INDEX "index_users_on_age" ON "users" ("age")[0m
  [4;36;1mSQL (0.1ms)[0m   [0;1mCREATE INDEX "index_users_on_email_and_name" ON "users" ("email", "name")[0m
  [4;35;1mSQL (0.1ms)[0m   [0mINSERT INTO schema_migrations (version) VALUES ('1')[0m
Migrating to CreatePosts (2)
  [4;36;1mSQL (0.2ms)[0m   [0;1mCREATE TABLE "posts" ("id" INTEGER PRIMARY KEY AUTOINCREMENT NOT NULL, "user_id" integer, "title" varchar(255), "body" text) [0m
  [4;35;1mSQL (0.1ms)[0m   [0mINSERT INTO schema_migrations (version) VALUES ('2')[0m
Migrating to CreateTaggings (3)
  [4;36;1mSQL (0.2ms)[0m   [0;1mCREATE TABLE "taggings" ("id" INTEGER PRIMARY KEY AUTOINCREMENT NOT NULL, "post_id" integer, "tag_id" integer) [0m
  [4;35;1mSQL (0.1ms)[0m   [0mINSERT INTO schema_migrations (version) VALUES ('3')[0m
Migrating to CreateTags (4)
  [4;36;1mSQL (0.2ms)[0m   [0;1mCREATE TABLE "tags" ("id" INTEGER PRIMARY KEY AUTOINCREMENT NOT NULL, "name" varchar(255)) [0m
  [4;35;1mSQL (0.1ms)[0m   [0mINSERT INTO schema_migrations (version) VALUES ('4')[0m
Migrating to CreateDogs (5)
  [4;36;1mSQL (0.2ms)[0m   [0;1mCREATE TABLE "dogs" ("id" INTEGER PRIMARY KEY AUTOINCREMENT NOT NULL, "owner_id" integer, "address_id" integer) [0m
  [4;35;1mSQL (0.1ms)[0m   [0mINSERT INTO schema_migrations (version) VALUES ('5')[0m
Migrating to CreateAddresses (6)
  [4;36;1mSQL (0.2ms)[0m   [0;1mCREATE TABLE "addresses" ("id" INTEGER PRIMARY KEY AUTOINCREMENT NOT NULL, "title" varchar(255), "addressable_id" integer, "addressable_type" varchar(255), "zip" varchar(255)) [0m
  [4;35;1mSQL (0.1ms)[0m   [0mINSERT INTO schema_migrations (version) VALUES ('6')[0m
Migrating to CreateFleas (7)
  [4;36;1mSQL (0.2ms)[0m   [0;1mCREATE TABLE "fleas" ("id" INTEGER PRIMARY KEY AUTOINCREMENT NOT NULL, "name" varchar(255)) [0m
  [4;35;1mSQL (0.1ms)[0m   [0mINSERT INTO schema_migrations (version) VALUES ('7')[0m
Migrating to CreateDogsFleas (8)
  [4;36;1mSQL (0.2ms)[0m   [0;1mCREATE TABLE "dogs_fleas" ("id" INTEGER PRIMARY KEY AUTOINCREMENT NOT NULL, "dog_id" integer, "flea_id" integer) [0m
  [4;35;1mSQL (0.1ms)[0m   [0mINSERT INTO schema_migrations (version) VALUES ('8')[0m
Migrating to CreateProducts (9)
  [4;36;1mSQL (0.2ms)[0m   [0;1mCREATE TABLE "products" ("id" INTEGER PRIMARY KEY AUTOINCREMENT NOT NULL, "title" varchar(255), "price" integer, "weight" integer, "size" varchar(255), "tangible" boolean, "created_at" datetime, "updated_at" datetime) [0m
  [4;35;1mSQL (0.1ms)[0m   [0mINSERT INTO schema_migrations (version) VALUES ('9')[0m
Migrating to CreateFriendships (10)
  [4;36;1mSQL (0.2ms)[0m   [0;1mCREATE TABLE "friendships" ("id" INTEGER PRIMARY KEY AUTOINCREMENT NOT NULL, "user_id" integer, "friend_id" integer, "created_at" datetime, "updated_at" datetime) [0m
  [4;35;1mSQL (0.1ms)[0m   [0mINSERT INTO schema_migrations (version) VALUES ('10')[0m
  [4;36;1mSQL (0.2ms)[0m   [0;1m SELECT name
 FROM sqlite_master
 WHERE type = 'table' AND NOT name = 'sqlite_sequence'
[0m
  [4;35;1mSQL (0.1ms)[0m   [0mselect sqlite_version(*)[0m
  [4;36;1mSQL (0.2ms)[0m   [0;1mCREATE TABLE "schema_migrations" ("version" varchar(255) NOT NULL) [0m
  [4;35;1mSQL (0.1ms)[0m   [0mCREATE UNIQUE INDEX "unique_schema_migrations" ON "schema_migrations" ("version")[0m
  [4;36;1mSQL (0.1ms)[0m   [0;1m SELECT name
 FROM sqlite_master
 WHERE type = 'table' AND NOT name = 'sqlite_sequence'
[0m
  [4;35;1mSQL (0.1ms)[0m   [0mSELECT version FROM schema_migrations[0m
Migrating to CreateUsers (1)
  [4;36;1mSQL (0.2ms)[0m   [0;1mCREATE TABLE "users" ("id" INTEGER PRIMARY KEY AUTOINCREMENT NOT NULL, "name" varchar(255), "email" varchar(255), "age" integer, "ssn" varchar(255)) [0m
  [4;35;1mSQL (0.1ms)[0m   [0mCREATE INDEX "index_users_on_email" ON "users" ("email")[0m
  [4;36;1mSQL (0.1ms)[0m   [0;1mCREATE INDEX "index_users_on_name" ON "users" ("name")[0m
  [4;35;1mSQL (0.1ms)[0m   [0mCREATE INDEX "index_users_on_age" ON "users" ("age")[0m
  [4;36;1mSQL (0.1ms)[0m   [0;1mCREATE INDEX "index_users_on_email_and_name" ON "users" ("email", "name")[0m
  [4;35;1mSQL (0.1ms)[0m   [0mINSERT INTO schema_migrations (version) VALUES ('1')[0m
Migrating to CreatePosts (2)
  [4;36;1mSQL (0.2ms)[0m   [0;1mCREATE TABLE "posts" ("id" INTEGER PRIMARY KEY AUTOINCREMENT NOT NULL, "user_id" integer, "title" varchar(255), "body" text) [0m
  [4;35;1mSQL (0.1ms)[0m   [0mINSERT INTO schema_migrations (version) VALUES ('2')[0m
Migrating to CreateTaggings (3)
  [4;36;1mSQL (0.1ms)[0m   [0;1mCREATE TABLE "taggings" ("id" INTEGER PRIMARY KEY AUTOINCREMENT NOT NULL, "post_id" integer, "tag_id" integer) [0m
  [4;35;1mSQL (0.1ms)[0m   [0mINSERT INTO schema_migrations (version) VALUES ('3')[0m
Migrating to CreateTags (4)
  [4;36;1mSQL (0.1ms)[0m   [0;1mCREATE TABLE "tags" ("id" INTEGER PRIMARY KEY AUTOINCREMENT NOT NULL, "name" varchar(255)) [0m
  [4;35;1mSQL (0.1ms)[0m   [0mINSERT INTO schema_migrations (version) VALUES ('4')[0m
Migrating to CreateDogs (5)
  [4;36;1mSQL (0.1ms)[0m   [0;1mCREATE TABLE "dogs" ("id" INTEGER PRIMARY KEY AUTOINCREMENT NOT NULL, "owner_id" integer, "address_id" integer) [0m
  [4;35;1mSQL (0.1ms)[0m   [0mINSERT INTO schema_migrations (version) VALUES ('5')[0m
Migrating to CreateAddresses (6)
  [4;36;1mSQL (0.2ms)[0m   [0;1mCREATE TABLE "addresses" ("id" INTEGER PRIMARY KEY AUTOINCREMENT NOT NULL, "title" varchar(255), "addressable_id" integer, "addressable_type" varchar(255), "zip" varchar(255)) [0m
  [4;35;1mSQL (0.1ms)[0m   [0mINSERT INTO schema_migrations (version) VALUES ('6')[0m
Migrating to CreateFleas (7)
  [4;36;1mSQL (0.1ms)[0m   [0;1mCREATE TABLE "fleas" ("id" INTEGER PRIMARY KEY AUTOINCREMENT NOT NULL, "name" varchar(255)) [0m
  [4;35;1mSQL (0.1ms)[0m   [0mINSERT INTO schema_migrations (version) VALUES ('7')[0m
Migrating to CreateDogsFleas (8)
  [4;36;1mSQL (0.2ms)[0m   [0;1mCREATE TABLE "dogs_fleas" ("id" INTEGER PRIMARY KEY AUTOINCREMENT NOT NULL, "dog_id" integer, "flea_id" integer) [0m
  [4;35;1mSQL (0.1ms)[0m   [0mINSERT INTO schema_migrations (version) VALUES ('8')[0m
Migrating to CreateProducts (9)
  [4;36;1mSQL (0.2ms)[0m   [0;1mCREATE TABLE "products" ("id" INTEGER PRIMARY KEY AUTOINCREMENT NOT NULL, "title" varchar(255), "price" integer, "weight" integer, "size" varchar(255), "tangible" boolean, "created_at" datetime, "updated_at" datetime) [0m
  [4;35;1mSQL (0.1ms)[0m   [0mINSERT INTO schema_migrations (version) VALUES ('9')[0m
Migrating to CreateFriendships (10)
  [4;36;1mSQL (0.2ms)[0m   [0;1mCREATE TABLE "friendships" ("id" INTEGER PRIMARY KEY AUTOINCREMENT NOT NULL, "user_id" integer, "friend_id" integer, "created_at" datetime, "updated_at" datetime) [0m
  [4;35;1mSQL (0.1ms)[0m   [0mINSERT INTO schema_migrations (version) VALUES ('10')[0m
  [4;36;1mSQL (0.2ms)[0m   [0;1m SELECT name
 FROM sqlite_master
 WHERE type = 'table' AND NOT name = 'sqlite_sequence'
[0m
  [4;35;1mSQL (0.1ms)[0m   [0mselect sqlite_version(*)[0m
  [4;36;1mSQL (0.2ms)[0m   [0;1mCREATE TABLE "schema_migrations" ("version" varchar(255) NOT NULL) [0m
  [4;35;1mSQL (0.1ms)[0m   [0mCREATE UNIQUE INDEX "unique_schema_migrations" ON "schema_migrations" ("version")[0m
  [4;36;1mSQL (0.1ms)[0m   [0;1m SELECT name
 FROM sqlite_master
 WHERE type = 'table' AND NOT name = 'sqlite_sequence'
[0m
  [4;35;1mSQL (0.1ms)[0m   [0mSELECT version FROM schema_migrations[0m
Migrating to CreateUsers (1)
  [4;36;1mSQL (0.2ms)[0m   [0;1mCREATE TABLE "users" ("id" INTEGER PRIMARY KEY AUTOINCREMENT NOT NULL, "name" varchar(255), "email" varchar(255), "age" integer, "ssn" varchar(255)) [0m
  [4;35;1mSQL (0.1ms)[0m   [0mCREATE INDEX "index_users_on_email" ON "users" ("email")[0m
  [4;36;1mSQL (0.1ms)[0m   [0;1mCREATE INDEX "index_users_on_name" ON "users" ("name")[0m
  [4;35;1mSQL (0.1ms)[0m   [0mCREATE INDEX "index_users_on_age" ON "users" ("age")[0m
  [4;36;1mSQL (0.1ms)[0m   [0;1mCREATE INDEX "index_users_on_email_and_name" ON "users" ("email", "name")[0m
  [4;35;1mSQL (0.1ms)[0m   [0mINSERT INTO schema_migrations (version) VALUES ('1')[0m
Migrating to CreatePosts (2)
  [4;36;1mSQL (0.2ms)[0m   [0;1mCREATE TABLE "posts" ("id" INTEGER PRIMARY KEY AUTOINCREMENT NOT NULL, "user_id" integer, "title" varchar(255), "body" text) [0m
  [4;35;1mSQL (0.1ms)[0m   [0mINSERT INTO schema_migrations (version) VALUES ('2')[0m
Migrating to CreateTaggings (3)
  [4;36;1mSQL (0.2ms)[0m   [0;1mCREATE TABLE "taggings" ("id" INTEGER PRIMARY KEY AUTOINCREMENT NOT NULL, "post_id" integer, "tag_id" integer) [0m
  [4;35;1mSQL (0.1ms)[0m   [0mINSERT INTO schema_migrations (version) VALUES ('3')[0m
Migrating to CreateTags (4)
  [4;36;1mSQL (0.1ms)[0m   [0;1mCREATE TABLE "tags" ("id" INTEGER PRIMARY KEY AUTOINCREMENT NOT NULL, "name" varchar(255)) [0m
  [4;35;1mSQL (0.1ms)[0m   [0mINSERT INTO schema_migrations (version) VALUES ('4')[0m
Migrating to CreateDogs (5)
  [4;36;1mSQL (0.2ms)[0m   [0;1mCREATE TABLE "dogs" ("id" INTEGER PRIMARY KEY AUTOINCREMENT NOT NULL, "owner_id" integer, "address_id" integer) [0m
  [4;35;1mSQL (0.1ms)[0m   [0mINSERT INTO schema_migrations (version) VALUES ('5')[0m
Migrating to CreateAddresses (6)
  [4;36;1mSQL (0.2ms)[0m   [0;1mCREATE TABLE "addresses" ("id" INTEGER PRIMARY KEY AUTOINCREMENT NOT NULL, "title" varchar(255), "addressable_id" integer, "addressable_type" varchar(255), "zip" varchar(255)) [0m
  [4;35;1mSQL (0.1ms)[0m   [0mINSERT INTO schema_migrations (version) VALUES ('6')[0m
Migrating to CreateFleas (7)
  [4;36;1mSQL (0.1ms)[0m   [0;1mCREATE TABLE "fleas" ("id" INTEGER PRIMARY KEY AUTOINCREMENT NOT NULL, "name" varchar(255)) [0m
  [4;35;1mSQL (0.1ms)[0m   [0mINSERT INTO schema_migrations (version) VALUES ('7')[0m
Migrating to CreateDogsFleas (8)
  [4;36;1mSQL (0.2ms)[0m   [0;1mCREATE TABLE "dogs_fleas" ("id" INTEGER PRIMARY KEY AUTOINCREMENT NOT NULL, "dog_id" integer, "flea_id" integer) [0m
  [4;35;1mSQL (0.1ms)[0m   [0mINSERT INTO schema_migrations (version) VALUES ('8')[0m
Migrating to CreateProducts (9)
  [4;36;1mSQL (0.2ms)[0m   [0;1mCREATE TABLE "products" ("id" INTEGER PRIMARY KEY AUTOINCREMENT NOT NULL, "title" varchar(255), "price" integer, "weight" integer, "size" varchar(255), "tangible" boolean, "created_at" datetime, "updated_at" datetime) [0m
  [4;35;1mSQL (0.1ms)[0m   [0mINSERT INTO schema_migrations (version) VALUES ('9')[0m
Migrating to CreateFriendships (10)
  [4;36;1mSQL (0.2ms)[0m   [0;1mCREATE TABLE "friendships" ("id" INTEGER PRIMARY KEY AUTOINCREMENT NOT NULL, "user_id" integer, "friend_id" integer, "created_at" datetime, "updated_at" datetime) [0m
  [4;35;1mSQL (0.1ms)[0m   [0mINSERT INTO schema_migrations (version) VALUES ('10')[0m
  [4;36;1mSQL (0.2ms)[0m   [0;1m SELECT name
 FROM sqlite_master
 WHERE type = 'table' AND NOT name = 'sqlite_sequence'
[0m
  [4;35;1mSQL (0.1ms)[0m   [0mselect sqlite_version(*)[0m
  [4;36;1mSQL (0.2ms)[0m   [0;1mCREATE TABLE "schema_migrations" ("version" varchar(255) NOT NULL) [0m
  [4;35;1mSQL (0.1ms)[0m   [0mCREATE UNIQUE INDEX "unique_schema_migrations" ON "schema_migrations" ("version")[0m
  [4;36;1mSQL (0.1ms)[0m   [0;1m SELECT name
 FROM sqlite_master
 WHERE type = 'table' AND NOT name = 'sqlite_sequence'
[0m
  [4;35;1mSQL (0.1ms)[0m   [0mSELECT version FROM schema_migrations[0m
Migrating to CreateUsers (1)
  [4;36;1mSQL (0.3ms)[0m   [0;1mCREATE TABLE "users" ("id" INTEGER PRIMARY KEY AUTOINCREMENT NOT NULL, "name" varchar(255), "email" varchar(255), "age" integer, "ssn" varchar(255)) [0m
  [4;35;1mSQL (0.1ms)[0m   [0mCREATE INDEX "index_users_on_email" ON "users" ("email")[0m
  [4;36;1mSQL (0.1ms)[0m   [0;1mCREATE INDEX "index_users_on_name" ON "users" ("name")[0m
  [4;35;1mSQL (0.1ms)[0m   [0mCREATE INDEX "index_users_on_age" ON "users" ("age")[0m
  [4;36;1mSQL (0.1ms)[0m   [0;1mCREATE INDEX "index_users_on_email_and_name" ON "users" ("email", "name")[0m
  [4;35;1mSQL (0.1ms)[0m   [0mINSERT INTO schema_migrations (version) VALUES ('1')[0m
Migrating to CreatePosts (2)
  [4;36;1mSQL (0.2ms)[0m   [0;1mCREATE TABLE "posts" ("id" INTEGER PRIMARY KEY AUTOINCREMENT NOT NULL, "user_id" integer, "title" varchar(255), "body" text) [0m
  [4;35;1mSQL (0.1ms)[0m   [0mINSERT INTO schema_migrations (version) VALUES ('2')[0m
Migrating to CreateTaggings (3)
  [4;36;1mSQL (0.1ms)[0m   [0;1mCREATE TABLE "taggings" ("id" INTEGER PRIMARY KEY AUTOINCREMENT NOT NULL, "post_id" integer, "tag_id" integer) [0m
  [4;35;1mSQL (0.1ms)[0m   [0mINSERT INTO schema_migrations (version) VALUES ('3')[0m
Migrating to CreateTags (4)
  [4;36;1mSQL (0.2ms)[0m   [0;1mCREATE TABLE "tags" ("id" INTEGER PRIMARY KEY AUTOINCREMENT NOT NULL, "name" varchar(255)) [0m
  [4;35;1mSQL (0.1ms)[0m   [0mINSERT INTO schema_migrations (version) VALUES ('4')[0m
Migrating to CreateDogs (5)
  [4;36;1mSQL (0.1ms)[0m   [0;1mCREATE TABLE "dogs" ("id" INTEGER PRIMARY KEY AUTOINCREMENT NOT NULL, "owner_id" integer, "address_id" integer) [0m
  [4;35;1mSQL (0.1ms)[0m   [0mINSERT INTO schema_migrations (version) VALUES ('5')[0m
Migrating to CreateAddresses (6)
  [4;36;1mSQL (0.2ms)[0m   [0;1mCREATE TABLE "addresses" ("id" INTEGER PRIMARY KEY AUTOINCREMENT NOT NULL, "title" varchar(255), "addressable_id" integer, "addressable_type" varchar(255), "zip" varchar(255)) [0m
  [4;35;1mSQL (0.1ms)[0m   [0mINSERT INTO schema_migrations (version) VALUES ('6')[0m
Migrating to CreateFleas (7)
  [4;36;1mSQL (0.1ms)[0m   [0;1mCREATE TABLE "fleas" ("id" INTEGER PRIMARY KEY AUTOINCREMENT NOT NULL, "name" varchar(255)) [0m
  [4;35;1mSQL (0.1ms)[0m   [0mINSERT INTO schema_migrations (version) VALUES ('7')[0m
Migrating to CreateDogsFleas (8)
  [4;36;1mSQL (0.2ms)[0m   [0;1mCREATE TABLE "dogs_fleas" ("id" INTEGER PRIMARY KEY AUTOINCREMENT NOT NULL, "dog_id" integer, "flea_id" integer) [0m
  [4;35;1mSQL (0.1ms)[0m   [0mINSERT INTO schema_migrations (version) VALUES ('8')[0m
Migrating to CreateProducts (9)
  [4;36;1mSQL (0.2ms)[0m   [0;1mCREATE TABLE "products" ("id" INTEGER PRIMARY KEY AUTOINCREMENT NOT NULL, "title" varchar(255), "price" integer, "weight" integer, "size" varchar(255), "tangible" boolean, "created_at" datetime, "updated_at" datetime) [0m
  [4;35;1mSQL (0.1ms)[0m   [0mINSERT INTO schema_migrations (version) VALUES ('9')[0m
Migrating to CreateFriendships (10)
  [4;36;1mSQL (0.2ms)[0m   [0;1mCREATE TABLE "friendships" ("id" INTEGER PRIMARY KEY AUTOINCREMENT NOT NULL, "user_id" integer, "friend_id" integer, "created_at" datetime, "updated_at" datetime) [0m
  [4;35;1mSQL (0.1ms)[0m   [0mINSERT INTO schema_migrations (version) VALUES ('10')[0m
  [4;36;1mSQL (0.2ms)[0m   [0;1m SELECT name
 FROM sqlite_master
 WHERE type = 'table' AND NOT name = 'sqlite_sequence'
[0m
  [4;35;1mSQL (0.1ms)[0m   [0mselect sqlite_version(*)[0m
  [4;36;1mSQL (0.2ms)[0m   [0;1mCREATE TABLE "schema_migrations" ("version" varchar(255) NOT NULL) [0m
  [4;35;1mSQL (0.1ms)[0m   [0mCREATE UNIQUE INDEX "unique_schema_migrations" ON "schema_migrations" ("version")[0m
  [4;36;1mSQL (0.1ms)[0m   [0;1m SELECT name
 FROM sqlite_master
 WHERE type = 'table' AND NOT name = 'sqlite_sequence'
[0m
  [4;35;1mSQL (0.1ms)[0m   [0mSELECT version FROM schema_migrations[0m
Migrating to CreateUsers (1)
  [4;36;1mSQL (0.2ms)[0m   [0;1mCREATE TABLE "users" ("id" INTEGER PRIMARY KEY AUTOINCREMENT NOT NULL, "name" varchar(255), "email" varchar(255), "age" integer, "ssn" varchar(255)) [0m
  [4;35;1mSQL (0.1ms)[0m   [0mCREATE INDEX "index_users_on_email" ON "users" ("email")[0m
  [4;36;1mSQL (0.1ms)[0m   [0;1mCREATE INDEX "index_users_on_name" ON "users" ("name")[0m
  [4;35;1mSQL (0.1ms)[0m   [0mCREATE INDEX "index_users_on_age" ON "users" ("age")[0m
  [4;36;1mSQL (0.1ms)[0m   [0;1mCREATE INDEX "index_users_on_email_and_name" ON "users" ("email", "name")[0m
  [4;35;1mSQL (0.1ms)[0m   [0mINSERT INTO schema_migrations (version) VALUES ('1')[0m
Migrating to CreatePosts (2)
  [4;36;1mSQL (0.2ms)[0m   [0;1mCREATE TABLE "posts" ("id" INTEGER PRIMARY KEY AUTOINCREMENT NOT NULL, "user_id" integer, "title" varchar(255), "body" text) [0m
  [4;35;1mSQL (0.1ms)[0m   [0mINSERT INTO schema_migrations (version) VALUES ('2')[0m
Migrating to CreateTaggings (3)
  [4;36;1mSQL (0.1ms)[0m   [0;1mCREATE TABLE "taggings" ("id" INTEGER PRIMARY KEY AUTOINCREMENT NOT NULL, "post_id" integer, "tag_id" integer) [0m
  [4;35;1mSQL (0.1ms)[0m   [0mINSERT INTO schema_migrations (version) VALUES ('3')[0m
Migrating to CreateTags (4)
  [4;36;1mSQL (0.1ms)[0m   [0;1mCREATE TABLE "tags" ("id" INTEGER PRIMARY KEY AUTOINCREMENT NOT NULL, "name" varchar(255)) [0m
  [4;35;1mSQL (0.1ms)[0m   [0mINSERT INTO schema_migrations (version) VALUES ('4')[0m
Migrating to CreateDogs (5)
  [4;36;1mSQL (0.1ms)[0m   [0;1mCREATE TABLE "dogs" ("id" INTEGER PRIMARY KEY AUTOINCREMENT NOT NULL, "owner_id" integer, "address_id" integer) [0m
  [4;35;1mSQL (0.1ms)[0m   [0mINSERT INTO schema_migrations (version) VALUES ('5')[0m
Migrating to CreateAddresses (6)
  [4;36;1mSQL (0.2ms)[0m   [0;1mCREATE TABLE "addresses" ("id" INTEGER PRIMARY KEY AUTOINCREMENT NOT NULL, "title" varchar(255), "addressable_id" integer, "addressable_type" varchar(255), "zip" varchar(255)) [0m
  [4;35;1mSQL (0.1ms)[0m   [0mINSERT INTO schema_migrations (version) VALUES ('6')[0m
Migrating to CreateFleas (7)
  [4;36;1mSQL (0.2ms)[0m   [0;1mCREATE TABLE "fleas" ("id" INTEGER PRIMARY KEY AUTOINCREMENT NOT NULL, "name" varchar(255)) [0m
  [4;35;1mSQL (0.1ms)[0m   [0mINSERT INTO schema_migrations (version) VALUES ('7')[0m
Migrating to CreateDogsFleas (8)
  [4;36;1mSQL (0.2ms)[0m   [0;1mCREATE TABLE "dogs_fleas" ("id" INTEGER PRIMARY KEY AUTOINCREMENT NOT NULL, "dog_id" integer, "flea_id" integer) [0m
  [4;35;1mSQL (0.4ms)[0m   [0mINSERT INTO schema_migrations (version) VALUES ('8')[0m
Migrating to CreateProducts (9)
  [4;36;1mSQL (0.2ms)[0m   [0;1mCREATE TABLE "products" ("id" INTEGER PRIMARY KEY AUTOINCREMENT NOT NULL, "title" varchar(255), "price" integer, "weight" integer, "size" varchar(255), "tangible" boolean, "created_at" datetime, "updated_at" datetime) [0m
  [4;35;1mSQL (0.1ms)[0m   [0mINSERT INTO schema_migrations (version) VALUES ('9')[0m
Migrating to CreateFriendships (10)
  [4;36;1mSQL (0.2ms)[0m   [0;1mCREATE TABLE "friendships" ("id" INTEGER PRIMARY KEY AUTOINCREMENT NOT NULL, "user_id" integer, "friend_id" integer, "created_at" datetime, "updated_at" datetime) [0m
  [4;35;1mSQL (0.1ms)[0m   [0mINSERT INTO schema_migrations (version) VALUES ('10')[0m
  [4;36;1mSQL (0.2ms)[0m   [0;1m SELECT name
 FROM sqlite_master
 WHERE type = 'table' AND NOT name = 'sqlite_sequence'
[0m
  [4;35;1mSQL (0.1ms)[0m   [0mselect sqlite_version(*)[0m
  [4;36;1mSQL (0.2ms)[0m   [0;1mCREATE TABLE "schema_migrations" ("version" varchar(255) NOT NULL) [0m
  [4;35;1mSQL (0.1ms)[0m   [0mCREATE UNIQUE INDEX "unique_schema_migrations" ON "schema_migrations" ("version")[0m
  [4;36;1mSQL (0.1ms)[0m   [0;1m SELECT name
 FROM sqlite_master
 WHERE type = 'table' AND NOT name = 'sqlite_sequence'
[0m
  [4;35;1mSQL (0.1ms)[0m   [0mSELECT version FROM schema_migrations[0m
Migrating to CreateUsers (1)
  [4;36;1mSQL (0.3ms)[0m   [0;1mCREATE TABLE "users" ("id" INTEGER PRIMARY KEY AUTOINCREMENT NOT NULL, "name" varchar(255), "email" varchar(255), "age" integer, "ssn" varchar(255)) [0m
  [4;35;1mSQL (0.1ms)[0m   [0mCREATE INDEX "index_users_on_email" ON "users" ("email")[0m
  [4;36;1mSQL (0.3ms)[0m   [0;1mCREATE INDEX "index_users_on_name" ON "users" ("name")[0m
  [4;35;1mSQL (0.1ms)[0m   [0mCREATE INDEX "index_users_on_age" ON "users" ("age")[0m
  [4;36;1mSQL (0.1ms)[0m   [0;1mCREATE INDEX "index_users_on_email_and_name" ON "users" ("email", "name")[0m
  [4;35;1mSQL (0.1ms)[0m   [0mINSERT INTO schema_migrations (version) VALUES ('1')[0m
Migrating to CreatePosts (2)
  [4;36;1mSQL (0.2ms)[0m   [0;1mCREATE TABLE "posts" ("id" INTEGER PRIMARY KEY AUTOINCREMENT NOT NULL, "user_id" integer, "title" varchar(255), "body" text) [0m
  [4;35;1mSQL (0.1ms)[0m   [0mINSERT INTO schema_migrations (version) VALUES ('2')[0m
Migrating to CreateTaggings (3)
  [4;36;1mSQL (0.2ms)[0m   [0;1mCREATE TABLE "taggings" ("id" INTEGER PRIMARY KEY AUTOINCREMENT NOT NULL, "post_id" integer, "tag_id" integer) [0m
  [4;35;1mSQL (0.1ms)[0m   [0mINSERT INTO schema_migrations (version) VALUES ('3')[0m
Migrating to CreateTags (4)
  [4;36;1mSQL (0.1ms)[0m   [0;1mCREATE TABLE "tags" ("id" INTEGER PRIMARY KEY AUTOINCREMENT NOT NULL, "name" varchar(255)) [0m
  [4;35;1mSQL (0.1ms)[0m   [0mINSERT INTO schema_migrations (version) VALUES ('4')[0m
Migrating to CreateDogs (5)
  [4;36;1mSQL (0.2ms)[0m   [0;1mCREATE TABLE "dogs" ("id" INTEGER PRIMARY KEY AUTOINCREMENT NOT NULL, "owner_id" integer, "address_id" integer) [0m
  [4;35;1mSQL (0.1ms)[0m   [0mINSERT INTO schema_migrations (version) VALUES ('5')[0m
Migrating to CreateAddresses (6)
  [4;36;1mSQL (0.2ms)[0m   [0;1mCREATE TABLE "addresses" ("id" INTEGER PRIMARY KEY AUTOINCREMENT NOT NULL, "title" varchar(255), "addressable_id" integer, "addressable_type" varchar(255), "zip" varchar(255)) [0m
  [4;35;1mSQL (0.1ms)[0m   [0mINSERT INTO schema_migrations (version) VALUES ('6')[0m
Migrating to CreateFleas (7)
  [4;36;1mSQL (0.2ms)[0m   [0;1mCREATE TABLE "fleas" ("id" INTEGER PRIMARY KEY AUTOINCREMENT NOT NULL, "name" varchar(255)) [0m
  [4;35;1mSQL (0.1ms)[0m   [0mINSERT INTO schema_migrations (version) VALUES ('7')[0m
Migrating to CreateDogsFleas (8)
  [4;36;1mSQL (0.2ms)[0m   [0;1mCREATE TABLE "dogs_fleas" ("id" INTEGER PRIMARY KEY AUTOINCREMENT NOT NULL, "dog_id" integer, "flea_id" integer) [0m
  [4;35;1mSQL (0.1ms)[0m   [0mINSERT INTO schema_migrations (version) VALUES ('8')[0m
Migrating to CreateProducts (9)
  [4;36;1mSQL (0.2ms)[0m   [0;1mCREATE TABLE "products" ("id" INTEGER PRIMARY KEY AUTOINCREMENT NOT NULL, "title" varchar(255), "price" integer, "weight" integer, "size" varchar(255), "tangible" boolean, "created_at" datetime, "updated_at" datetime) [0m
  [4;35;1mSQL (0.1ms)[0m   [0mINSERT INTO schema_migrations (version) VALUES ('9')[0m
Migrating to CreateFriendships (10)
  [4;36;1mSQL (0.2ms)[0m   [0;1mCREATE TABLE "friendships" ("id" INTEGER PRIMARY KEY AUTOINCREMENT NOT NULL, "user_id" integer, "friend_id" integer, "created_at" datetime, "updated_at" datetime) [0m
  [4;35;1mSQL (0.1ms)[0m   [0mINSERT INTO schema_migrations (version) VALUES ('10')[0m
  [4;36;1mSQL (0.2ms)[0m   [0;1m SELECT name
 FROM sqlite_master
 WHERE type = 'table' AND NOT name = 'sqlite_sequence'
[0m
  [4;35;1mSQL (0.1ms)[0m   [0mselect sqlite_version(*)[0m
  [4;36;1mSQL (0.2ms)[0m   [0;1mCREATE TABLE "schema_migrations" ("version" varchar(255) NOT NULL) [0m
  [4;35;1mSQL (0.1ms)[0m   [0mCREATE UNIQUE INDEX "unique_schema_migrations" ON "schema_migrations" ("version")[0m
  [4;36;1mSQL (0.1ms)[0m   [0;1m SELECT name
 FROM sqlite_master
 WHERE type = 'table' AND NOT name = 'sqlite_sequence'
[0m
  [4;35;1mSQL (0.1ms)[0m   [0mSELECT version FROM schema_migrations[0m
Migrating to CreateUsers (1)
  [4;36;1mSQL (0.2ms)[0m   [0;1mCREATE TABLE "users" ("id" INTEGER PRIMARY KEY AUTOINCREMENT NOT NULL, "name" varchar(255), "email" varchar(255), "age" integer, "ssn" varchar(255)) [0m
  [4;35;1mSQL (0.1ms)[0m   [0mCREATE INDEX "index_users_on_email" ON "users" ("email")[0m
  [4;36;1mSQL (0.1ms)[0m   [0;1mCREATE INDEX "index_users_on_name" ON "users" ("name")[0m
  [4;35;1mSQL (0.1ms)[0m   [0mCREATE INDEX "index_users_on_age" ON "users" ("age")[0m
  [4;36;1mSQL (0.1ms)[0m   [0;1mCREATE INDEX "index_users_on_email_and_name" ON "users" ("email", "name")[0m
  [4;35;1mSQL (0.1ms)[0m   [0mINSERT INTO schema_migrations (version) VALUES ('1')[0m
Migrating to CreatePosts (2)
  [4;36;1mSQL (0.2ms)[0m   [0;1mCREATE TABLE "posts" ("id" INTEGER PRIMARY KEY AUTOINCREMENT NOT NULL, "user_id" integer, "title" varchar(255), "body" text) [0m
  [4;35;1mSQL (0.1ms)[0m   [0mINSERT INTO schema_migrations (version) VALUES ('2')[0m
Migrating to CreateTaggings (3)
  [4;36;1mSQL (0.2ms)[0m   [0;1mCREATE TABLE "taggings" ("id" INTEGER PRIMARY KEY AUTOINCREMENT NOT NULL, "post_id" integer, "tag_id" integer) [0m
  [4;35;1mSQL (0.1ms)[0m   [0mINSERT INTO schema_migrations (version) VALUES ('3')[0m
Migrating to CreateTags (4)
  [4;36;1mSQL (0.1ms)[0m   [0;1mCREATE TABLE "tags" ("id" INTEGER PRIMARY KEY AUTOINCREMENT NOT NULL, "name" varchar(255)) [0m
  [4;35;1mSQL (0.1ms)[0m   [0mINSERT INTO schema_migrations (version) VALUES ('4')[0m
Migrating to CreateDogs (5)
  [4;36;1mSQL (0.1ms)[0m   [0;1mCREATE TABLE "dogs" ("id" INTEGER PRIMARY KEY AUTOINCREMENT NOT NULL, "owner_id" integer, "address_id" integer) [0m
  [4;35;1mSQL (0.1ms)[0m   [0mINSERT INTO schema_migrations (version) VALUES ('5')[0m
Migrating to CreateAddresses (6)
  [4;36;1mSQL (0.2ms)[0m   [0;1mCREATE TABLE "addresses" ("id" INTEGER PRIMARY KEY AUTOINCREMENT NOT NULL, "title" varchar(255), "addressable_id" integer, "addressable_type" varchar(255), "zip" varchar(255)) [0m
  [4;35;1mSQL (0.1ms)[0m   [0mINSERT INTO schema_migrations (version) VALUES ('6')[0m
Migrating to CreateFleas (7)
  [4;36;1mSQL (0.1ms)[0m   [0;1mCREATE TABLE "fleas" ("id" INTEGER PRIMARY KEY AUTOINCREMENT NOT NULL, "name" varchar(255)) [0m
  [4;35;1mSQL (0.1ms)[0m   [0mINSERT INTO schema_migrations (version) VALUES ('7')[0m
Migrating to CreateDogsFleas (8)
  [4;36;1mSQL (0.2ms)[0m   [0;1mCREATE TABLE "dogs_fleas" ("id" INTEGER PRIMARY KEY AUTOINCREMENT NOT NULL, "dog_id" integer, "flea_id" integer) [0m
  [4;35;1mSQL (0.1ms)[0m   [0mINSERT INTO schema_migrations (version) VALUES ('8')[0m
Migrating to CreateProducts (9)
  [4;36;1mSQL (0.2ms)[0m   [0;1mCREATE TABLE "products" ("id" INTEGER PRIMARY KEY AUTOINCREMENT NOT NULL, "title" varchar(255), "price" integer, "weight" integer, "size" varchar(255), "tangible" boolean, "created_at" datetime, "updated_at" datetime) [0m
  [4;35;1mSQL (0.1ms)[0m   [0mINSERT INTO schema_migrations (version) VALUES ('9')[0m
Migrating to CreateFriendships (10)
  [4;36;1mSQL (0.2ms)[0m   [0;1mCREATE TABLE "friendships" ("id" INTEGER PRIMARY KEY AUTOINCREMENT NOT NULL, "user_id" integer, "friend_id" integer, "created_at" datetime, "updated_at" datetime) [0m
  [4;35;1mSQL (0.1ms)[0m   [0mINSERT INTO schema_migrations (version) VALUES ('10')[0m
  [4;36;1mSQL (0.2ms)[0m   [0;1m SELECT name
 FROM sqlite_master
 WHERE type = 'table' AND NOT name = 'sqlite_sequence'
[0m
  [4;35;1mSQL (0.1ms)[0m   [0mselect sqlite_version(*)[0m
  [4;36;1mSQL (0.2ms)[0m   [0;1mCREATE TABLE "schema_migrations" ("version" varchar(255) NOT NULL) [0m
  [4;35;1mSQL (0.1ms)[0m   [0mCREATE UNIQUE INDEX "unique_schema_migrations" ON "schema_migrations" ("version")[0m
  [4;36;1mSQL (0.1ms)[0m   [0;1m SELECT name
 FROM sqlite_master
 WHERE type = 'table' AND NOT name = 'sqlite_sequence'
[0m
  [4;35;1mSQL (0.1ms)[0m   [0mSELECT version FROM schema_migrations[0m
Migrating to CreateUsers (1)
  [4;36;1mSQL (0.2ms)[0m   [0;1mCREATE TABLE "users" ("id" INTEGER PRIMARY KEY AUTOINCREMENT NOT NULL, "name" varchar(255), "email" varchar(255), "age" integer, "ssn" varchar(255)) [0m
  [4;35;1mSQL (0.1ms)[0m   [0mCREATE INDEX "index_users_on_email" ON "users" ("email")[0m
  [4;36;1mSQL (0.1ms)[0m   [0;1mCREATE INDEX "index_users_on_name" ON "users" ("name")[0m
  [4;35;1mSQL (0.1ms)[0m   [0mCREATE INDEX "index_users_on_age" ON "users" ("age")[0m
  [4;36;1mSQL (0.1ms)[0m   [0;1mCREATE INDEX "index_users_on_email_and_name" ON "users" ("email", "name")[0m
  [4;35;1mSQL (0.1ms)[0m   [0mINSERT INTO schema_migrations (version) VALUES ('1')[0m
Migrating to CreatePosts (2)
  [4;36;1mSQL (0.2ms)[0m   [0;1mCREATE TABLE "posts" ("id" INTEGER PRIMARY KEY AUTOINCREMENT NOT NULL, "user_id" integer, "title" varchar(255), "body" text) [0m
  [4;35;1mSQL (0.1ms)[0m   [0mINSERT INTO schema_migrations (version) VALUES ('2')[0m
Migrating to CreateTaggings (3)
  [4;36;1mSQL (0.2ms)[0m   [0;1mCREATE TABLE "taggings" ("id" INTEGER PRIMARY KEY AUTOINCREMENT NOT NULL, "post_id" integer, "tag_id" integer) [0m
  [4;35;1mSQL (0.1ms)[0m   [0mINSERT INTO schema_migrations (version) VALUES ('3')[0m
Migrating to CreateTags (4)
  [4;36;1mSQL (0.2ms)[0m   [0;1mCREATE TABLE "tags" ("id" INTEGER PRIMARY KEY AUTOINCREMENT NOT NULL, "name" varchar(255)) [0m
  [4;35;1mSQL (0.1ms)[0m   [0mINSERT INTO schema_migrations (version) VALUES ('4')[0m
Migrating to CreateDogs (5)
  [4;36;1mSQL (0.1ms)[0m   [0;1mCREATE TABLE "dogs" ("id" INTEGER PRIMARY KEY AUTOINCREMENT NOT NULL, "owner_id" integer, "address_id" integer) [0m
  [4;35;1mSQL (0.1ms)[0m   [0mINSERT INTO schema_migrations (version) VALUES ('5')[0m
Migrating to CreateAddresses (6)
  [4;36;1mSQL (0.2ms)[0m   [0;1mCREATE TABLE "addresses" ("id" INTEGER PRIMARY KEY AUTOINCREMENT NOT NULL, "title" varchar(255), "addressable_id" integer, "addressable_type" varchar(255), "zip" varchar(255)) [0m
  [4;35;1mSQL (0.1ms)[0m   [0mINSERT INTO schema_migrations (version) VALUES ('6')[0m
Migrating to CreateFleas (7)
  [4;36;1mSQL (0.1ms)[0m   [0;1mCREATE TABLE "fleas" ("id" INTEGER PRIMARY KEY AUTOINCREMENT NOT NULL, "name" varchar(255)) [0m
  [4;35;1mSQL (0.1ms)[0m   [0mINSERT INTO schema_migrations (version) VALUES ('7')[0m
Migrating to CreateDogsFleas (8)
  [4;36;1mSQL (0.2ms)[0m   [0;1mCREATE TABLE "dogs_fleas" ("id" INTEGER PRIMARY KEY AUTOINCREMENT NOT NULL, "dog_id" integer, "flea_id" integer) [0m
  [4;35;1mSQL (0.1ms)[0m   [0mINSERT INTO schema_migrations (version) VALUES ('8')[0m
Migrating to CreateProducts (9)
  [4;36;1mSQL (0.2ms)[0m   [0;1mCREATE TABLE "products" ("id" INTEGER PRIMARY KEY AUTOINCREMENT NOT NULL, "title" varchar(255), "price" integer, "weight" integer, "size" varchar(255), "tangible" boolean, "created_at" datetime, "updated_at" datetime) [0m
  [4;35;1mSQL (0.1ms)[0m   [0mINSERT INTO schema_migrations (version) VALUES ('9')[0m
Migrating to CreateFriendships (10)
  [4;36;1mSQL (0.2ms)[0m   [0;1mCREATE TABLE "friendships" ("id" INTEGER PRIMARY KEY AUTOINCREMENT NOT NULL, "user_id" integer, "friend_id" integer, "created_at" datetime, "updated_at" datetime) [0m
  [4;35;1mSQL (0.1ms)[0m   [0mINSERT INTO schema_migrations (version) VALUES ('10')[0m
  [4;36;1mSQL (0.4ms)[0m   [0;1m SELECT name
 FROM sqlite_master
 WHERE type = 'table' AND NOT name = 'sqlite_sequence'
[0m
  [4;35;1mSQL (0.3ms)[0m   [0m SELECT name
 FROM sqlite_master
 WHERE type = 'table' AND NOT name = 'sqlite_sequence'
[0m
  [4;36;1mSQL (0.2ms)[0m   [0;1m SELECT name
 FROM sqlite_master
 WHERE type = 'table' AND NOT name = 'sqlite_sequence'
[0m
  [4;35;1mSQL (0.1ms)[0m   [0mselect sqlite_version(*)[0m
  [4;36;1mSQL (0.2ms)[0m   [0;1mCREATE TABLE "schema_migrations" ("version" varchar(255) NOT NULL) [0m
  [4;35;1mSQL (0.1ms)[0m   [0mCREATE UNIQUE INDEX "unique_schema_migrations" ON "schema_migrations" ("version")[0m
  [4;36;1mSQL (0.1ms)[0m   [0;1m SELECT name
 FROM sqlite_master
 WHERE type = 'table' AND NOT name = 'sqlite_sequence'
[0m
  [4;35;1mSQL (0.1ms)[0m   [0mSELECT version FROM schema_migrations[0m
Migrating to CreateUsers (1)
  [4;36;1mSQL (0.2ms)[0m   [0;1mCREATE TABLE "users" ("id" INTEGER PRIMARY KEY AUTOINCREMENT NOT NULL, "name" varchar(255), "email" varchar(255), "age" integer, "ssn" varchar(255)) [0m
  [4;35;1mSQL (0.1ms)[0m   [0mCREATE INDEX "index_users_on_email" ON "users" ("email")[0m
  [4;36;1mSQL (0.1ms)[0m   [0;1mCREATE INDEX "index_users_on_name" ON "users" ("name")[0m
  [4;35;1mSQL (0.1ms)[0m   [0mCREATE INDEX "index_users_on_age" ON "users" ("age")[0m
  [4;36;1mSQL (0.1ms)[0m   [0;1mCREATE INDEX "index_users_on_email_and_name" ON "users" ("email", "name")[0m
  [4;35;1mSQL (0.1ms)[0m   [0mINSERT INTO schema_migrations (version) VALUES ('1')[0m
Migrating to CreatePosts (2)
  [4;36;1mSQL (0.2ms)[0m   [0;1mCREATE TABLE "posts" ("id" INTEGER PRIMARY KEY AUTOINCREMENT NOT NULL, "user_id" integer, "title" varchar(255), "body" text) [0m
  [4;35;1mSQL (0.1ms)[0m   [0mINSERT INTO schema_migrations (version) VALUES ('2')[0m
Migrating to CreateTaggings (3)
  [4;36;1mSQL (0.2ms)[0m   [0;1mCREATE TABLE "taggings" ("id" INTEGER PRIMARY KEY AUTOINCREMENT NOT NULL, "post_id" integer, "tag_id" integer) [0m
  [4;35;1mSQL (0.1ms)[0m   [0mINSERT INTO schema_migrations (version) VALUES ('3')[0m
Migrating to CreateTags (4)
  [4;36;1mSQL (0.1ms)[0m   [0;1mCREATE TABLE "tags" ("id" INTEGER PRIMARY KEY AUTOINCREMENT NOT NULL, "name" varchar(255)) [0m
  [4;35;1mSQL (0.1ms)[0m   [0mINSERT INTO schema_migrations (version) VALUES ('4')[0m
Migrating to CreateDogs (5)
  [4;36;1mSQL (0.2ms)[0m   [0;1mCREATE TABLE "dogs" ("id" INTEGER PRIMARY KEY AUTOINCREMENT NOT NULL, "owner_id" integer, "address_id" integer) [0m
  [4;35;1mSQL (0.1ms)[0m   [0mINSERT INTO schema_migrations (version) VALUES ('5')[0m
Migrating to CreateAddresses (6)
  [4;36;1mSQL (0.2ms)[0m   [0;1mCREATE TABLE "addresses" ("id" INTEGER PRIMARY KEY AUTOINCREMENT NOT NULL, "title" varchar(255), "addressable_id" integer, "addressable_type" varchar(255), "zip" varchar(255)) [0m
  [4;35;1mSQL (0.1ms)[0m   [0mINSERT INTO schema_migrations (version) VALUES ('6')[0m
Migrating to CreateFleas (7)
  [4;36;1mSQL (0.2ms)[0m   [0;1mCREATE TABLE "fleas" ("id" INTEGER PRIMARY KEY AUTOINCREMENT NOT NULL, "name" varchar(255)) [0m
  [4;35;1mSQL (0.1ms)[0m   [0mINSERT INTO schema_migrations (version) VALUES ('7')[0m
Migrating to CreateDogsFleas (8)
  [4;36;1mSQL (0.2ms)[0m   [0;1mCREATE TABLE "dogs_fleas" ("id" INTEGER PRIMARY KEY AUTOINCREMENT NOT NULL, "dog_id" integer, "flea_id" integer) [0m
  [4;35;1mSQL (0.1ms)[0m   [0mINSERT INTO schema_migrations (version) VALUES ('8')[0m
Migrating to CreateProducts (9)
  [4;36;1mSQL (0.2ms)[0m   [0;1mCREATE TABLE "products" ("id" INTEGER PRIMARY KEY AUTOINCREMENT NOT NULL, "title" varchar(255), "price" integer, "weight" integer, "size" varchar(255), "tangible" boolean, "created_at" datetime, "updated_at" datetime) [0m
  [4;35;1mSQL (0.1ms)[0m   [0mINSERT INTO schema_migrations (version) VALUES ('9')[0m
Migrating to CreateFriendships (10)
  [4;36;1mSQL (0.2ms)[0m   [0;1mCREATE TABLE "friendships" ("id" INTEGER PRIMARY KEY AUTOINCREMENT NOT NULL, "user_id" integer, "friend_id" integer, "created_at" datetime, "updated_at" datetime) [0m
  [4;35;1mSQL (0.1ms)[0m   [0mINSERT INTO schema_migrations (version) VALUES ('10')[0m
  [4;36;1mSQL (0.4ms)[0m   [0;1m SELECT name
 FROM sqlite_master
 WHERE type = 'table' AND NOT name = 'sqlite_sequence'
[0m
  [4;35;1mSQL (0.3ms)[0m   [0m SELECT name
 FROM sqlite_master
 WHERE type = 'table' AND NOT name = 'sqlite_sequence'
[0m
  [4;36;1mSQL (0.2ms)[0m   [0;1m SELECT name
 FROM sqlite_master
 WHERE type = 'table' AND NOT name = 'sqlite_sequence'
[0m
  [4;35;1mSQL (0.1ms)[0m   [0mselect sqlite_version(*)[0m
  [4;36;1mSQL (0.2ms)[0m   [0;1mCREATE TABLE "schema_migrations" ("version" varchar(255) NOT NULL) [0m
  [4;35;1mSQL (0.1ms)[0m   [0mCREATE UNIQUE INDEX "unique_schema_migrations" ON "schema_migrations" ("version")[0m
  [4;36;1mSQL (0.1ms)[0m   [0;1m SELECT name
 FROM sqlite_master
 WHERE type = 'table' AND NOT name = 'sqlite_sequence'
[0m
  [4;35;1mSQL (0.1ms)[0m   [0mSELECT version FROM schema_migrations[0m
Migrating to CreateUsers (1)
  [4;36;1mSQL (0.3ms)[0m   [0;1mCREATE TABLE "users" ("id" INTEGER PRIMARY KEY AUTOINCREMENT NOT NULL, "name" varchar(255), "email" varchar(255), "age" integer, "ssn" varchar(255)) [0m
  [4;35;1mSQL (0.1ms)[0m   [0mCREATE INDEX "index_users_on_email" ON "users" ("email")[0m
  [4;36;1mSQL (0.1ms)[0m   [0;1mCREATE INDEX "index_users_on_name" ON "users" ("name")[0m
  [4;35;1mSQL (0.1ms)[0m   [0mCREATE INDEX "index_users_on_age" ON "users" ("age")[0m
  [4;36;1mSQL (0.1ms)[0m   [0;1mCREATE INDEX "index_users_on_email_and_name" ON "users" ("email", "name")[0m
  [4;35;1mSQL (0.1ms)[0m   [0mINSERT INTO schema_migrations (version) VALUES ('1')[0m
Migrating to CreatePosts (2)
  [4;36;1mSQL (0.2ms)[0m   [0;1mCREATE TABLE "posts" ("id" INTEGER PRIMARY KEY AUTOINCREMENT NOT NULL, "user_id" integer, "title" varchar(255), "body" text) [0m
  [4;35;1mSQL (0.1ms)[0m   [0mINSERT INTO schema_migrations (version) VALUES ('2')[0m
Migrating to CreateTaggings (3)
  [4;36;1mSQL (0.2ms)[0m   [0;1mCREATE TABLE "taggings" ("id" INTEGER PRIMARY KEY AUTOINCREMENT NOT NULL, "post_id" integer, "tag_id" integer) [0m
  [4;35;1mSQL (0.1ms)[0m   [0mINSERT INTO schema_migrations (version) VALUES ('3')[0m
Migrating to CreateTags (4)
  [4;36;1mSQL (0.1ms)[0m   [0;1mCREATE TABLE "tags" ("id" INTEGER PRIMARY KEY AUTOINCREMENT NOT NULL, "name" varchar(255)) [0m
  [4;35;1mSQL (0.1ms)[0m   [0mINSERT INTO schema_migrations (version) VALUES ('4')[0m
Migrating to CreateDogs (5)
  [4;36;1mSQL (0.2ms)[0m   [0;1mCREATE TABLE "dogs" ("id" INTEGER PRIMARY KEY AUTOINCREMENT NOT NULL, "owner_id" integer, "address_id" integer) [0m
  [4;35;1mSQL (0.1ms)[0m   [0mINSERT INTO schema_migrations (version) VALUES ('5')[0m
Migrating to CreateAddresses (6)
  [4;36;1mSQL (0.2ms)[0m   [0;1mCREATE TABLE "addresses" ("id" INTEGER PRIMARY KEY AUTOINCREMENT NOT NULL, "title" varchar(255), "addressable_id" integer, "addressable_type" varchar(255), "zip" varchar(255)) [0m
  [4;35;1mSQL (0.1ms)[0m   [0mINSERT INTO schema_migrations (version) VALUES ('6')[0m
Migrating to CreateFleas (7)
  [4;36;1mSQL (0.1ms)[0m   [0;1mCREATE TABLE "fleas" ("id" INTEGER PRIMARY KEY AUTOINCREMENT NOT NULL, "name" varchar(255)) [0m
  [4;35;1mSQL (0.1ms)[0m   [0mINSERT INTO schema_migrations (version) VALUES ('7')[0m
Migrating to CreateDogsFleas (8)
  [4;36;1mSQL (0.2ms)[0m   [0;1mCREATE TABLE "dogs_fleas" ("id" INTEGER PRIMARY KEY AUTOINCREMENT NOT NULL, "dog_id" integer, "flea_id" integer) [0m
  [4;35;1mSQL (0.1ms)[0m   [0mINSERT INTO schema_migrations (version) VALUES ('8')[0m
Migrating to CreateProducts (9)
  [4;36;1mSQL (0.2ms)[0m   [0;1mCREATE TABLE "products" ("id" INTEGER PRIMARY KEY AUTOINCREMENT NOT NULL, "title" varchar(255), "price" integer, "weight" integer, "size" varchar(255), "tangible" boolean, "created_at" datetime, "updated_at" datetime) [0m
  [4;35;1mSQL (0.1ms)[0m   [0mINSERT INTO schema_migrations (version) VALUES ('9')[0m
Migrating to CreateFriendships (10)
  [4;36;1mSQL (0.2ms)[0m   [0;1mCREATE TABLE "friendships" ("id" INTEGER PRIMARY KEY AUTOINCREMENT NOT NULL, "user_id" integer, "friend_id" integer, "created_at" datetime, "updated_at" datetime) [0m
  [4;35;1mSQL (0.1ms)[0m   [0mINSERT INTO schema_migrations (version) VALUES ('10')[0m
  [4;36;1mSQL (0.3ms)[0m   [0;1m SELECT name
 FROM sqlite_master
 WHERE type = 'table' AND NOT name = 'sqlite_sequence'
[0m
  [4;35;1mSQL (0.1ms)[0m   [0mselect sqlite_version(*)[0m
  [4;36;1mSQL (0.2ms)[0m   [0;1mCREATE TABLE "schema_migrations" ("version" varchar(255) NOT NULL) [0m
  [4;35;1mSQL (0.1ms)[0m   [0mCREATE UNIQUE INDEX "unique_schema_migrations" ON "schema_migrations" ("version")[0m
  [4;36;1mSQL (0.1ms)[0m   [0;1m SELECT name
 FROM sqlite_master
 WHERE type = 'table' AND NOT name = 'sqlite_sequence'
[0m
  [4;35;1mSQL (0.1ms)[0m   [0mSELECT version FROM schema_migrations[0m
Migrating to CreateUsers (1)
  [4;36;1mSQL (0.2ms)[0m   [0;1mCREATE TABLE "users" ("id" INTEGER PRIMARY KEY AUTOINCREMENT NOT NULL, "name" varchar(255), "email" varchar(255), "age" integer, "ssn" varchar(255)) [0m
  [4;35;1mSQL (0.1ms)[0m   [0mCREATE INDEX "index_users_on_email" ON "users" ("email")[0m
  [4;36;1mSQL (0.1ms)[0m   [0;1mCREATE INDEX "index_users_on_name" ON "users" ("name")[0m
  [4;35;1mSQL (0.1ms)[0m   [0mCREATE INDEX "index_users_on_age" ON "users" ("age")[0m
  [4;36;1mSQL (0.1ms)[0m   [0;1mCREATE INDEX "index_users_on_email_and_name" ON "users" ("email", "name")[0m
  [4;35;1mSQL (0.1ms)[0m   [0mINSERT INTO schema_migrations (version) VALUES ('1')[0m
Migrating to CreatePosts (2)
  [4;36;1mSQL (0.2ms)[0m   [0;1mCREATE TABLE "posts" ("id" INTEGER PRIMARY KEY AUTOINCREMENT NOT NULL, "user_id" integer, "title" varchar(255), "body" text) [0m
  [4;35;1mSQL (0.1ms)[0m   [0mINSERT INTO schema_migrations (version) VALUES ('2')[0m
Migrating to CreateTaggings (3)
  [4;36;1mSQL (0.2ms)[0m   [0;1mCREATE TABLE "taggings" ("id" INTEGER PRIMARY KEY AUTOINCREMENT NOT NULL, "post_id" integer, "tag_id" integer) [0m
  [4;35;1mSQL (0.1ms)[0m   [0mINSERT INTO schema_migrations (version) VALUES ('3')[0m
Migrating to CreateTags (4)
  [4;36;1mSQL (0.2ms)[0m   [0;1mCREATE TABLE "tags" ("id" INTEGER PRIMARY KEY AUTOINCREMENT NOT NULL, "name" varchar(255)) [0m
  [4;35;1mSQL (0.2ms)[0m   [0mINSERT INTO schema_migrations (version) VALUES ('4')[0m
Migrating to CreateDogs (5)
  [4;36;1mSQL (0.2ms)[0m   [0;1mCREATE TABLE "dogs" ("id" INTEGER PRIMARY KEY AUTOINCREMENT NOT NULL, "owner_id" integer, "address_id" integer) [0m
  [4;35;1mSQL (0.1ms)[0m   [0mINSERT INTO schema_migrations (version) VALUES ('5')[0m
Migrating to CreateAddresses (6)
  [4;36;1mSQL (0.2ms)[0m   [0;1mCREATE TABLE "addresses" ("id" INTEGER PRIMARY KEY AUTOINCREMENT NOT NULL, "title" varchar(255), "addressable_id" integer, "addressable_type" varchar(255), "zip" varchar(255)) [0m
  [4;35;1mSQL (0.1ms)[0m   [0mINSERT INTO schema_migrations (version) VALUES ('6')[0m
Migrating to CreateFleas (7)
  [4;36;1mSQL (0.2ms)[0m   [0;1mCREATE TABLE "fleas" ("id" INTEGER PRIMARY KEY AUTOINCREMENT NOT NULL, "name" varchar(255)) [0m
  [4;35;1mSQL (0.1ms)[0m   [0mINSERT INTO schema_migrations (version) VALUES ('7')[0m
Migrating to CreateDogsFleas (8)
  [4;36;1mSQL (0.2ms)[0m   [0;1mCREATE TABLE "dogs_fleas" ("id" INTEGER PRIMARY KEY AUTOINCREMENT NOT NULL, "dog_id" integer, "flea_id" integer) [0m
  [4;35;1mSQL (0.1ms)[0m   [0mINSERT INTO schema_migrations (version) VALUES ('8')[0m
Migrating to CreateProducts (9)
  [4;36;1mSQL (0.4ms)[0m   [0;1mCREATE TABLE "products" ("id" INTEGER PRIMARY KEY AUTOINCREMENT NOT NULL, "title" varchar(255), "price" integer, "weight" integer, "size" varchar(255), "tangible" boolean, "created_at" datetime, "updated_at" datetime) [0m
  [4;35;1mSQL (0.1ms)[0m   [0mINSERT INTO schema_migrations (version) VALUES ('9')[0m
Migrating to CreateFriendships (10)
  [4;36;1mSQL (0.2ms)[0m   [0;1mCREATE TABLE "friendships" ("id" INTEGER PRIMARY KEY AUTOINCREMENT NOT NULL, "user_id" integer, "friend_id" integer, "created_at" datetime, "updated_at" datetime) [0m
  [4;35;1mSQL (0.1ms)[0m   [0mINSERT INTO schema_migrations (version) VALUES ('10')[0m
  [4;36;1mSQL (0.2ms)[0m   [0;1m SELECT name
 FROM sqlite_master
 WHERE type = 'table' AND NOT name = 'sqlite_sequence'
[0m
  [4;35;1mSQL (0.1ms)[0m   [0mselect sqlite_version(*)[0m
  [4;36;1mSQL (0.2ms)[0m   [0;1mCREATE TABLE "schema_migrations" ("version" varchar(255) NOT NULL) [0m
  [4;35;1mSQL (0.1ms)[0m   [0mCREATE UNIQUE INDEX "unique_schema_migrations" ON "schema_migrations" ("version")[0m
  [4;36;1mSQL (0.1ms)[0m   [0;1m SELECT name
 FROM sqlite_master
 WHERE type = 'table' AND NOT name = 'sqlite_sequence'
[0m
  [4;35;1mSQL (0.1ms)[0m   [0mSELECT version FROM schema_migrations[0m
Migrating to CreateUsers (1)
  [4;36;1mSQL (0.2ms)[0m   [0;1mCREATE TABLE "users" ("id" INTEGER PRIMARY KEY AUTOINCREMENT NOT NULL, "name" varchar(255), "email" varchar(255), "age" integer, "ssn" varchar(255)) [0m
  [4;35;1mSQL (0.1ms)[0m   [0mCREATE INDEX "index_users_on_email" ON "users" ("email")[0m
  [4;36;1mSQL (0.1ms)[0m   [0;1mCREATE INDEX "index_users_on_name" ON "users" ("name")[0m
  [4;35;1mSQL (0.1ms)[0m   [0mCREATE INDEX "index_users_on_age" ON "users" ("age")[0m
  [4;36;1mSQL (0.1ms)[0m   [0;1mCREATE INDEX "index_users_on_email_and_name" ON "users" ("email", "name")[0m
  [4;35;1mSQL (0.1ms)[0m   [0mINSERT INTO schema_migrations (version) VALUES ('1')[0m
Migrating to CreatePosts (2)
  [4;36;1mSQL (0.2ms)[0m   [0;1mCREATE TABLE "posts" ("id" INTEGER PRIMARY KEY AUTOINCREMENT NOT NULL, "user_id" integer, "title" varchar(255), "body" text) [0m
  [4;35;1mSQL (0.1ms)[0m   [0mINSERT INTO schema_migrations (version) VALUES ('2')[0m
Migrating to CreateTaggings (3)
  [4;36;1mSQL (0.2ms)[0m   [0;1mCREATE TABLE "taggings" ("id" INTEGER PRIMARY KEY AUTOINCREMENT NOT NULL, "post_id" integer, "tag_id" integer) [0m
  [4;35;1mSQL (0.1ms)[0m   [0mINSERT INTO schema_migrations (version) VALUES ('3')[0m
Migrating to CreateTags (4)
  [4;36;1mSQL (0.1ms)[0m   [0;1mCREATE TABLE "tags" ("id" INTEGER PRIMARY KEY AUTOINCREMENT NOT NULL, "name" varchar(255)) [0m
  [4;35;1mSQL (0.1ms)[0m   [0mINSERT INTO schema_migrations (version) VALUES ('4')[0m
Migrating to CreateDogs (5)
  [4;36;1mSQL (0.2ms)[0m   [0;1mCREATE TABLE "dogs" ("id" INTEGER PRIMARY KEY AUTOINCREMENT NOT NULL, "owner_id" integer, "address_id" integer) [0m
  [4;35;1mSQL (0.1ms)[0m   [0mINSERT INTO schema_migrations (version) VALUES ('5')[0m
Migrating to CreateAddresses (6)
  [4;36;1mSQL (0.2ms)[0m   [0;1mCREATE TABLE "addresses" ("id" INTEGER PRIMARY KEY AUTOINCREMENT NOT NULL, "title" varchar(255), "addressable_id" integer, "addressable_type" varchar(255), "zip" varchar(255)) [0m
  [4;35;1mSQL (0.1ms)[0m   [0mINSERT INTO schema_migrations (version) VALUES ('6')[0m
Migrating to CreateFleas (7)
  [4;36;1mSQL (0.2ms)[0m   [0;1mCREATE TABLE "fleas" ("id" INTEGER PRIMARY KEY AUTOINCREMENT NOT NULL, "name" varchar(255)) [0m
  [4;35;1mSQL (0.1ms)[0m   [0mINSERT INTO schema_migrations (version) VALUES ('7')[0m
Migrating to CreateDogsFleas (8)
  [4;36;1mSQL (0.2ms)[0m   [0;1mCREATE TABLE "dogs_fleas" ("id" INTEGER PRIMARY KEY AUTOINCREMENT NOT NULL, "dog_id" integer, "flea_id" integer) [0m
  [4;35;1mSQL (0.1ms)[0m   [0mINSERT INTO schema_migrations (version) VALUES ('8')[0m
Migrating to CreateProducts (9)
  [4;36;1mSQL (0.2ms)[0m   [0;1mCREATE TABLE "products" ("id" INTEGER PRIMARY KEY AUTOINCREMENT NOT NULL, "title" varchar(255), "price" integer, "weight" integer, "size" varchar(255), "tangible" boolean, "created_at" datetime, "updated_at" datetime) [0m
  [4;35;1mSQL (0.1ms)[0m   [0mINSERT INTO schema_migrations (version) VALUES ('9')[0m
Migrating to CreateFriendships (10)
  [4;36;1mSQL (0.2ms)[0m   [0;1mCREATE TABLE "friendships" ("id" INTEGER PRIMARY KEY AUTOINCREMENT NOT NULL, "user_id" integer, "friend_id" integer, "created_at" datetime, "updated_at" datetime) [0m
  [4;35;1mSQL (0.1ms)[0m   [0mINSERT INTO schema_migrations (version) VALUES ('10')[0m
  [4;36;1mSQL (0.2ms)[0m   [0;1m SELECT name
 FROM sqlite_master
 WHERE type = 'table' AND NOT name = 'sqlite_sequence'
[0m
  [4;35;1mSQL (0.1ms)[0m   [0mselect sqlite_version(*)[0m
  [4;36;1mSQL (0.2ms)[0m   [0;1mCREATE TABLE "schema_migrations" ("version" varchar(255) NOT NULL) [0m
  [4;35;1mSQL (0.1ms)[0m   [0mCREATE UNIQUE INDEX "unique_schema_migrations" ON "schema_migrations" ("version")[0m
  [4;36;1mSQL (0.1ms)[0m   [0;1m SELECT name
 FROM sqlite_master
 WHERE type = 'table' AND NOT name = 'sqlite_sequence'
[0m
  [4;35;1mSQL (0.1ms)[0m   [0mSELECT version FROM schema_migrations[0m
Migrating to CreateUsers (1)
  [4;36;1mSQL (0.3ms)[0m   [0;1mCREATE TABLE "users" ("id" INTEGER PRIMARY KEY AUTOINCREMENT NOT NULL, "name" varchar(255), "email" varchar(255), "age" integer, "ssn" varchar(255)) [0m
  [4;35;1mSQL (0.1ms)[0m   [0mCREATE INDEX "index_users_on_email" ON "users" ("email")[0m
  [4;36;1mSQL (0.1ms)[0m   [0;1mCREATE INDEX "index_users_on_name" ON "users" ("name")[0m
  [4;35;1mSQL (0.1ms)[0m   [0mCREATE INDEX "index_users_on_age" ON "users" ("age")[0m
  [4;36;1mSQL (0.1ms)[0m   [0;1mCREATE INDEX "index_users_on_email_and_name" ON "users" ("email", "name")[0m
  [4;35;1mSQL (0.1ms)[0m   [0mINSERT INTO schema_migrations (version) VALUES ('1')[0m
Migrating to CreatePosts (2)
  [4;36;1mSQL (0.2ms)[0m   [0;1mCREATE TABLE "posts" ("id" INTEGER PRIMARY KEY AUTOINCREMENT NOT NULL, "user_id" integer, "title" varchar(255), "body" text) [0m
  [4;35;1mSQL (0.1ms)[0m   [0mINSERT INTO schema_migrations (version) VALUES ('2')[0m
Migrating to CreateTaggings (3)
  [4;36;1mSQL (0.1ms)[0m   [0;1mCREATE TABLE "taggings" ("id" INTEGER PRIMARY KEY AUTOINCREMENT NOT NULL, "post_id" integer, "tag_id" integer) [0m
  [4;35;1mSQL (0.1ms)[0m   [0mINSERT INTO schema_migrations (version) VALUES ('3')[0m
Migrating to CreateTags (4)
  [4;36;1mSQL (0.1ms)[0m   [0;1mCREATE TABLE "tags" ("id" INTEGER PRIMARY KEY AUTOINCREMENT NOT NULL, "name" varchar(255)) [0m
  [4;35;1mSQL (0.1ms)[0m   [0mINSERT INTO schema_migrations (version) VALUES ('4')[0m
Migrating to CreateDogs (5)
  [4;36;1mSQL (0.1ms)[0m   [0;1mCREATE TABLE "dogs" ("id" INTEGER PRIMARY KEY AUTOINCREMENT NOT NULL, "owner_id" integer, "address_id" integer) [0m
  [4;35;1mSQL (0.1ms)[0m   [0mINSERT INTO schema_migrations (version) VALUES ('5')[0m
Migrating to CreateAddresses (6)
  [4;36;1mSQL (0.2ms)[0m   [0;1mCREATE TABLE "addresses" ("id" INTEGER PRIMARY KEY AUTOINCREMENT NOT NULL, "title" varchar(255), "addressable_id" integer, "addressable_type" varchar(255), "zip" varchar(255)) [0m
  [4;35;1mSQL (0.1ms)[0m   [0mINSERT INTO schema_migrations (version) VALUES ('6')[0m
Migrating to CreateFleas (7)
  [4;36;1mSQL (0.2ms)[0m   [0;1mCREATE TABLE "fleas" ("id" INTEGER PRIMARY KEY AUTOINCREMENT NOT NULL, "name" varchar(255)) [0m
  [4;35;1mSQL (0.1ms)[0m   [0mINSERT INTO schema_migrations (version) VALUES ('7')[0m
Migrating to CreateDogsFleas (8)
  [4;36;1mSQL (0.2ms)[0m   [0;1mCREATE TABLE "dogs_fleas" ("id" INTEGER PRIMARY KEY AUTOINCREMENT NOT NULL, "dog_id" integer, "flea_id" integer) [0m
  [4;35;1mSQL (0.1ms)[0m   [0mINSERT INTO schema_migrations (version) VALUES ('8')[0m
Migrating to CreateProducts (9)
  [4;36;1mSQL (0.2ms)[0m   [0;1mCREATE TABLE "products" ("id" INTEGER PRIMARY KEY AUTOINCREMENT NOT NULL, "title" varchar(255), "price" integer, "weight" integer, "size" varchar(255), "tangible" boolean, "created_at" datetime, "updated_at" datetime) [0m
  [4;35;1mSQL (0.1ms)[0m   [0mINSERT INTO schema_migrations (version) VALUES ('9')[0m
Migrating to CreateFriendships (10)
  [4;36;1mSQL (0.2ms)[0m   [0;1mCREATE TABLE "friendships" ("id" INTEGER PRIMARY KEY AUTOINCREMENT NOT NULL, "user_id" integer, "friend_id" integer, "created_at" datetime, "updated_at" datetime) [0m
  [4;35;1mSQL (0.1ms)[0m   [0mINSERT INTO schema_migrations (version) VALUES ('10')[0m
  [4;36;1mSQL (0.2ms)[0m   [0;1m SELECT name
 FROM sqlite_master
 WHERE type = 'table' AND NOT name = 'sqlite_sequence'
[0m
  [4;35;1mSQL (0.1ms)[0m   [0mselect sqlite_version(*)[0m
  [4;36;1mSQL (0.3ms)[0m   [0;1mCREATE TABLE "schema_migrations" ("version" varchar(255) NOT NULL) [0m
  [4;35;1mSQL (0.1ms)[0m   [0mCREATE UNIQUE INDEX "unique_schema_migrations" ON "schema_migrations" ("version")[0m
  [4;36;1mSQL (0.1ms)[0m   [0;1m SELECT name
 FROM sqlite_master
 WHERE type = 'table' AND NOT name = 'sqlite_sequence'
[0m
  [4;35;1mSQL (0.1ms)[0m   [0mSELECT version FROM schema_migrations[0m
Migrating to CreateUsers (1)
  [4;36;1mSQL (0.2ms)[0m   [0;1mCREATE TABLE "users" ("id" INTEGER PRIMARY KEY AUTOINCREMENT NOT NULL, "name" varchar(255), "email" varchar(255), "age" integer, "ssn" varchar(255)) [0m
  [4;35;1mSQL (0.1ms)[0m   [0mCREATE INDEX "index_users_on_email" ON "users" ("email")[0m
  [4;36;1mSQL (0.1ms)[0m   [0;1mCREATE INDEX "index_users_on_name" ON "users" ("name")[0m
  [4;35;1mSQL (0.1ms)[0m   [0mCREATE INDEX "index_users_on_age" ON "users" ("age")[0m
  [4;36;1mSQL (0.1ms)[0m   [0;1mCREATE INDEX "index_users_on_email_and_name" ON "users" ("email", "name")[0m
  [4;35;1mSQL (0.1ms)[0m   [0mINSERT INTO schema_migrations (version) VALUES ('1')[0m
Migrating to CreatePosts (2)
  [4;36;1mSQL (0.2ms)[0m   [0;1mCREATE TABLE "posts" ("id" INTEGER PRIMARY KEY AUTOINCREMENT NOT NULL, "user_id" integer, "title" varchar(255), "body" text) [0m
  [4;35;1mSQL (0.1ms)[0m   [0mINSERT INTO schema_migrations (version) VALUES ('2')[0m
Migrating to CreateTaggings (3)
  [4;36;1mSQL (0.2ms)[0m   [0;1mCREATE TABLE "taggings" ("id" INTEGER PRIMARY KEY AUTOINCREMENT NOT NULL, "post_id" integer, "tag_id" integer) [0m
  [4;35;1mSQL (0.1ms)[0m   [0mINSERT INTO schema_migrations (version) VALUES ('3')[0m
Migrating to CreateTags (4)
  [4;36;1mSQL (0.2ms)[0m   [0;1mCREATE TABLE "tags" ("id" INTEGER PRIMARY KEY AUTOINCREMENT NOT NULL, "name" varchar(255)) [0m
  [4;35;1mSQL (0.1ms)[0m   [0mINSERT INTO schema_migrations (version) VALUES ('4')[0m
Migrating to CreateDogs (5)
  [4;36;1mSQL (0.2ms)[0m   [0;1mCREATE TABLE "dogs" ("id" INTEGER PRIMARY KEY AUTOINCREMENT NOT NULL, "owner_id" integer, "address_id" integer) [0m
  [4;35;1mSQL (0.1ms)[0m   [0mINSERT INTO schema_migrations (version) VALUES ('5')[0m
Migrating to CreateAddresses (6)
  [4;36;1mSQL (0.2ms)[0m   [0;1mCREATE TABLE "addresses" ("id" INTEGER PRIMARY KEY AUTOINCREMENT NOT NULL, "title" varchar(255), "addressable_id" integer, "addressable_type" varchar(255), "zip" varchar(255)) [0m
  [4;35;1mSQL (0.1ms)[0m   [0mINSERT INTO schema_migrations (version) VALUES ('6')[0m
Migrating to CreateFleas (7)
  [4;36;1mSQL (0.2ms)[0m   [0;1mCREATE TABLE "fleas" ("id" INTEGER PRIMARY KEY AUTOINCREMENT NOT NULL, "name" varchar(255)) [0m
  [4;35;1mSQL (0.1ms)[0m   [0mINSERT INTO schema_migrations (version) VALUES ('7')[0m
Migrating to CreateDogsFleas (8)
  [4;36;1mSQL (0.2ms)[0m   [0;1mCREATE TABLE "dogs_fleas" ("id" INTEGER PRIMARY KEY AUTOINCREMENT NOT NULL, "dog_id" integer, "flea_id" integer) [0m
  [4;35;1mSQL (0.1ms)[0m   [0mINSERT INTO schema_migrations (version) VALUES ('8')[0m
Migrating to CreateProducts (9)
  [4;36;1mSQL (0.2ms)[0m   [0;1mCREATE TABLE "products" ("id" INTEGER PRIMARY KEY AUTOINCREMENT NOT NULL, "title" varchar(255), "price" integer, "weight" integer, "size" varchar(255), "tangible" boolean, "created_at" datetime, "updated_at" datetime) [0m
  [4;35;1mSQL (0.1ms)[0m   [0mINSERT INTO schema_migrations (version) VALUES ('9')[0m
Migrating to CreateFriendships (10)
  [4;36;1mSQL (0.2ms)[0m   [0;1mCREATE TABLE "friendships" ("id" INTEGER PRIMARY KEY AUTOINCREMENT NOT NULL, "user_id" integer, "friend_id" integer, "created_at" datetime, "updated_at" datetime) [0m
  [4;35;1mSQL (0.1ms)[0m   [0mINSERT INTO schema_migrations (version) VALUES ('10')[0m
  [4;36;1mSQL (0.2ms)[0m   [0;1m SELECT name
 FROM sqlite_master
 WHERE type = 'table' AND NOT name = 'sqlite_sequence'
[0m
  [4;35;1mSQL (0.1ms)[0m   [0mselect sqlite_version(*)[0m
  [4;36;1mSQL (0.2ms)[0m   [0;1mCREATE TABLE "schema_migrations" ("version" varchar(255) NOT NULL) [0m
  [4;35;1mSQL (0.1ms)[0m   [0mCREATE UNIQUE INDEX "unique_schema_migrations" ON "schema_migrations" ("version")[0m
  [4;36;1mSQL (0.1ms)[0m   [0;1m SELECT name
 FROM sqlite_master
 WHERE type = 'table' AND NOT name = 'sqlite_sequence'
[0m
  [4;35;1mSQL (0.1ms)[0m   [0mSELECT version FROM schema_migrations[0m
Migrating to CreateUsers (1)
  [4;36;1mSQL (0.3ms)[0m   [0;1mCREATE TABLE "users" ("id" INTEGER PRIMARY KEY AUTOINCREMENT NOT NULL, "name" varchar(255), "email" varchar(255), "age" integer, "ssn" varchar(255)) [0m
  [4;35;1mSQL (0.1ms)[0m   [0mCREATE INDEX "index_users_on_email" ON "users" ("email")[0m
  [4;36;1mSQL (0.3ms)[0m   [0;1mCREATE INDEX "index_users_on_name" ON "users" ("name")[0m
  [4;35;1mSQL (0.1ms)[0m   [0mCREATE INDEX "index_users_on_age" ON "users" ("age")[0m
  [4;36;1mSQL (0.1ms)[0m   [0;1mCREATE INDEX "index_users_on_email_and_name" ON "users" ("email", "name")[0m
  [4;35;1mSQL (0.1ms)[0m   [0mINSERT INTO schema_migrations (version) VALUES ('1')[0m
Migrating to CreatePosts (2)
  [4;36;1mSQL (0.2ms)[0m   [0;1mCREATE TABLE "posts" ("id" INTEGER PRIMARY KEY AUTOINCREMENT NOT NULL, "user_id" integer, "title" varchar(255), "body" text) [0m
  [4;35;1mSQL (0.1ms)[0m   [0mINSERT INTO schema_migrations (version) VALUES ('2')[0m
Migrating to CreateTaggings (3)
  [4;36;1mSQL (0.1ms)[0m   [0;1mCREATE TABLE "taggings" ("id" INTEGER PRIMARY KEY AUTOINCREMENT NOT NULL, "post_id" integer, "tag_id" integer) [0m
  [4;35;1mSQL (0.1ms)[0m   [0mINSERT INTO schema_migrations (version) VALUES ('3')[0m
Migrating to CreateTags (4)
  [4;36;1mSQL (0.1ms)[0m   [0;1mCREATE TABLE "tags" ("id" INTEGER PRIMARY KEY AUTOINCREMENT NOT NULL, "name" varchar(255)) [0m
  [4;35;1mSQL (0.1ms)[0m   [0mINSERT INTO schema_migrations (version) VALUES ('4')[0m
Migrating to CreateDogs (5)
  [4;36;1mSQL (0.2ms)[0m   [0;1mCREATE TABLE "dogs" ("id" INTEGER PRIMARY KEY AUTOINCREMENT NOT NULL, "owner_id" integer, "address_id" integer) [0m
  [4;35;1mSQL (0.1ms)[0m   [0mINSERT INTO schema_migrations (version) VALUES ('5')[0m
Migrating to CreateAddresses (6)
  [4;36;1mSQL (0.2ms)[0m   [0;1mCREATE TABLE "addresses" ("id" INTEGER PRIMARY KEY AUTOINCREMENT NOT NULL, "title" varchar(255), "addressable_id" integer, "addressable_type" varchar(255), "zip" varchar(255)) [0m
  [4;35;1mSQL (0.1ms)[0m   [0mINSERT INTO schema_migrations (version) VALUES ('6')[0m
Migrating to CreateFleas (7)
  [4;36;1mSQL (0.2ms)[0m   [0;1mCREATE TABLE "fleas" ("id" INTEGER PRIMARY KEY AUTOINCREMENT NOT NULL, "name" varchar(255)) [0m
  [4;35;1mSQL (0.1ms)[0m   [0mINSERT INTO schema_migrations (version) VALUES ('7')[0m
Migrating to CreateDogsFleas (8)
  [4;36;1mSQL (0.2ms)[0m   [0;1mCREATE TABLE "dogs_fleas" ("id" INTEGER PRIMARY KEY AUTOINCREMENT NOT NULL, "dog_id" integer, "flea_id" integer) [0m
  [4;35;1mSQL (0.1ms)[0m   [0mINSERT INTO schema_migrations (version) VALUES ('8')[0m
Migrating to CreateProducts (9)
  [4;36;1mSQL (0.2ms)[0m   [0;1mCREATE TABLE "products" ("id" INTEGER PRIMARY KEY AUTOINCREMENT NOT NULL, "title" varchar(255), "price" integer, "weight" integer, "size" varchar(255), "tangible" boolean, "created_at" datetime, "updated_at" datetime) [0m
  [4;35;1mSQL (0.1ms)[0m   [0mINSERT INTO schema_migrations (version) VALUES ('9')[0m
Migrating to CreateFriendships (10)
  [4;36;1mSQL (0.2ms)[0m   [0;1mCREATE TABLE "friendships" ("id" INTEGER PRIMARY KEY AUTOINCREMENT NOT NULL, "user_id" integer, "friend_id" integer, "created_at" datetime, "updated_at" datetime) [0m
  [4;35;1mSQL (0.1ms)[0m   [0mINSERT INTO schema_migrations (version) VALUES ('10')[0m
